<?xml version="1.0" encoding="UTF-8"?>
<testsuite xmlns:xsi="http://www.w3.org/2001/XMLSchema-instance" xsi:noNamespaceSchemaLocation="https://maven.apache.org/surefire/maven-surefire-plugin/xsd/surefire-test-report-3.0.xsd" version="3.0" name="TestSuite" time="121.277" tests="2" errors="0" skipped="0" failures="0">
  <properties>
[...]
</properties>
  <testcase name="totalValidation[Ayesha, Female, India](1)" classname="practice.AppiumFramework.Ecommerce_TC4b2" time="72.355">
    <system-out><![CDATA[&amp#27;[35m[Appium]&amp#27;[39m Welcome to Appium v1.14.2
&amp#27;[35m[Appium]&amp#27;[39m Appium REST http interface listener started on 0.0.0.0:4723
&amp#27;[35m[HTTP]&amp#27;[39m &amp#27;[37m-->&amp#27;[39m &amp#27;[37mGET&amp#27;[39m &amp#27;[37m/wd/hub/status&amp#27;[39m
&amp#27;[35m[HTTP]&amp#27;[39m &amp#27;[90m{}&amp#27;[39m
[debug] &amp#27;[35m[GENERIC]&amp#27;[39m Calling AppiumDriver.getStatus() with args: []
[debug] &amp#27;[35m[GENERIC]&amp#27;[39m Responding to client with driver.getStatus() result: {"build":{"version":"1.14.2"}}
&amp#27;[35m[HTTP]&amp#27;[39m &amp#27;[37m<-- GET /wd/hub/status &amp#27;[39m&amp#27;[32m200&amp#27;[39m &amp#27;[90m7 ms - 68&amp#27;[39m
&amp#27;[35m[HTTP]&amp#27;[39m &amp#27;[90m&amp#27;[39m
emulator-5554
&amp#27;[35m[HTTP]&amp#27;[39m &amp#27;[37m-->&amp#27;[39m &amp#27;[37mPOST&amp#27;[39m &amp#27;[37m/wd/hub/session&amp#27;[39m
&amp#27;[35m[HTTP]&amp#27;[39m &amp#27;[90m{"desiredCapabilities":{"app":"E:\\java_workspace\\AppiumFrameworkU\\src\\General-Store.apk","automationName":"UiAutomator2","platformName":"Android","deviceName":"emulator-5554","newCommandTimeout":100},"capabilities":{"firstMatch":[{"appium:app":"E:\\java_workspace\\AppiumFrameworkU\\src\\General-Store.apk","appium:automationName":"UiAutomator2","appium:deviceName":"emulator-5554","appium:newCommandTimeout":100,"platformName":"android"}]}}&amp#27;[39m
[debug] &amp#27;[35m[W3C]&amp#27;[39m Calling AppiumDriver.createSession() with args: [{"app":"E:\\java_workspace\\AppiumFrameworkU\\src\\General-Store.apk","automationName":"UiAutomator2","platformName":"Android","deviceName":"emulator-5554","newCommandTimeout":100},null,{"firstMatch":[{"appium:app":"E:\\java_workspace\\AppiumFrameworkU\\src\\General-Store.apk","appium:automationName":"UiAutomator2","appium:deviceName":"emulator-5554","appium:newCommandTimeout":100,"platformName":"android"}]}]
[debug] &amp#27;[35m[BaseDriver]&amp#27;[39m Event 'newSessionRequested' logged at 1595163503955 (18:28:23 GMT+0530 (India Standard Time))
&amp#27;[35m[Appium]&amp#27;[39m Appium v1.14.2 creating new AndroidUiautomator2Driver (v1.33.1) session
&amp#27;[35m[Appium]&amp#27;[39m Capabilities:
&amp#27;[35m[Appium]&amp#27;[39m   platformName: android
&amp#27;[35m[Appium]&amp#27;[39m   app: E:\java_workspace\AppiumFrameworkU\src\General-Store.apk
&amp#27;[35m[Appium]&amp#27;[39m   automationName: UiAutomator2
&amp#27;[35m[Appium]&amp#27;[39m   deviceName: emulator-5554
&amp#27;[35m[Appium]&amp#27;[39m   newCommandTimeout: 100
[debug] &amp#27;[35m[BaseDriver]&amp#27;[39m W3C capabilities {"alwaysMatch":{"platformNa... and MJSONWP desired capabilities {"app":"E:\\java_workspace\... were provided
[debug] &amp#27;[35m[BaseDriver]&amp#27;[39m Creating session with W3C capabilities: {"alwaysMatch":{"platformNa...
&amp#27;[35m[BaseDriver]&amp#27;[39m Session created with session id: a181b1dd-561d-4252-a364-a7797f8723ac
&amp#27;[35m[BaseDriver]&amp#27;[39m Using local app 'E:\java_workspace\AppiumFrameworkU\src\General-Store.apk'
[debug] &amp#27;[35m[UiAutomator2]&amp#27;[39m Checking whether app is actually present
&amp#27;[35m[ADB]&amp#27;[39m Found 1 'build-tools' folders under 'C:\Users\450520\AppData\Local\Android\Sdk' (newest first):
&amp#27;[35m[ADB]&amp#27;[39m     C:/Users/450520/AppData/Local/Android/Sdk/build-tools/28.0.3
&amp#27;[35m[ADB]&amp#27;[39m Using 'adb.exe' from 'C:\Users\450520\AppData\Local\Android\Sdk\platform-tools\adb.exe'
&amp#27;[35m[AndroidDriver]&amp#27;[39m Retrieving device list
[debug] &amp#27;[35m[ADB]&amp#27;[39m Trying to find a connected android device
[debug] &amp#27;[35m[ADB]&amp#27;[39m Getting connected devices...
[debug] &amp#27;[35m[ADB]&amp#27;[39m 1 device(s) connected
&amp#27;[35m[AndroidDriver]&amp#27;[39m Using device: emulator-5554
&amp#27;[35m[ADB]&amp#27;[39m Using 'adb.exe' from 'C:\Users\450520\AppData\Local\Android\Sdk\platform-tools\adb.exe'
[debug] &amp#27;[35m[ADB]&amp#27;[39m Setting device id to emulator-5554
[debug] &amp#27;[35m[ADB]&amp#27;[39m Running 'C:\Users\450520\AppData\Local\Android\Sdk\platform-tools\adb.exe -P 5037 -s emulator-5554 shell getprop ro.build.version.sdk'
[debug] &amp#27;[35m[ADB]&amp#27;[39m Current device property 'ro.build.version.sdk': 28
[debug] &amp#27;[35m[ADB]&amp#27;[39m Running 'C:\Users\450520\AppData\Local\Android\Sdk\platform-tools\adb.exe -P 5037 -s emulator-5554 shell getprop ro.build.version.release'
[debug] &amp#27;[35m[ADB]&amp#27;[39m Current device property 'ro.build.version.release': 9
[debug] &amp#27;[35m[ADB]&amp#27;[39m Device API level: 28
&amp#27;[35m[UiAutomator2]&amp#27;[39m Relaxing hidden api policy
[debug] &amp#27;[35m[ADB]&amp#27;[39m Running 'C:\Users\450520\AppData\Local\Android\Sdk\platform-tools\adb.exe -P 5037 -s emulator-5554 shell settings put global hidden_api_policy_pre_p_apps 1'
[debug] &amp#27;[35m[ADB]&amp#27;[39m Running 'C:\Users\450520\AppData\Local\Android\Sdk\platform-tools\adb.exe -P 5037 -s emulator-5554 shell settings put global hidden_api_policy_p_apps 1'
[debug] &amp#27;[35m[ADB]&amp#27;[39m Running 'C:\Users\450520\AppData\Local\Android\Sdk\platform-tools\adb.exe -P 5037 -s emulator-5554 shell settings put global hidden_api_policy 1'
[debug] &amp#27;[35m[AndroidDriver]&amp#27;[39m Parsing package and activity from app manifest
&amp#27;[35m[ADB]&amp#27;[39m Using the alternative activity name detection method because of: Could not find 'apkanalyzer.bat' in ["C:\\Users\\450520\\AppData\\Local\\Android\\Sdk\\platform-tools\\apkanalyzer.bat","C:\\Users\\450520\\AppData\\Local\\Android\\Sdk\\emulator\\apkanalyzer.bat","C:\\Users\\450520\\AppData\\Local\\Android\\Sdk\\tools\\apkanalyzer.bat","C:\\Users\\450520\\AppData\\Local\\Android\\Sdk\\tools\\bin\\apkanalyzer.bat","C:\\Users\\450520\\AppData\\Local\\Android\\Sdk\\build-tools\\28.0.3\\apkanalyzer.bat"]. Do you have Android Build Tools installed at 'C:\Users\450520\AppData\Local\Android\Sdk'?
&amp#27;[35m[ADB]&amp#27;[39m Using 'aapt.exe' from 'C:\Users\450520\AppData\Local\Android\Sdk\build-tools\28.0.3\aapt.exe'
&amp#27;[35m[ADB]&amp#27;[39m Extracting package and launch activity from manifest
&amp#27;[35m[ADB]&amp#27;[39m Package name: 'com.androidsample.generalstore'
&amp#27;[35m[ADB]&amp#27;[39m Main activity name: 'com.androidsample.generalstore.SplashActivity'
[debug] &amp#27;[35m[AndroidDriver]&amp#27;[39m Parsed package and activity are: com.androidsample.generalstore/com.androidsample.generalstore.SplashActivity
[debug] &amp#27;[35m[ADB]&amp#27;[39m Running 'C:\Users\450520\AppData\Local\Android\Sdk\platform-tools\adb.exe -P 5037 -s emulator-5554 wait-for-device'
[debug] &amp#27;[35m[ADB]&amp#27;[39m Running 'C:\Users\450520\AppData\Local\Android\Sdk\platform-tools\adb.exe -P 5037 -s emulator-5554 shell echo ping'
[debug] &amp#27;[35m[AndroidDriver]&amp#27;[39m Pushing settings apk to device...
[debug] &amp#27;[35m[ADB]&amp#27;[39m Getting install status for io.appium.settings
[debug] &amp#27;[35m[ADB]&amp#27;[39m Running 'C:\Users\450520\AppData\Local\Android\Sdk\platform-tools\adb.exe -P 5037 -s emulator-5554 shell dumpsys package io.appium.settings'
[debug] &amp#27;[35m[ADB]&amp#27;[39m 'io.appium.settings' is installed
[debug] &amp#27;[35m[ADB]&amp#27;[39m Getting package info for 'io.appium.settings'
[debug] &amp#27;[35m[ADB]&amp#27;[39m Running 'C:\Users\450520\AppData\Local\Android\Sdk\platform-tools\adb.exe -P 5037 -s emulator-5554 shell dumpsys package io.appium.settings'
[debug] &amp#27;[35m[ADB]&amp#27;[39m The version name of the installed 'io.appium.settings' is greater or equal to the application version name ('2.14.1' >= '2.14.1')
[debug] &amp#27;[35m[ADB]&amp#27;[39m There is no need to install/upgrade 'C:\Users\450520\AppData\Roaming\npm\node_modules\appium\node_modules\io.appium.settings\apks\settings_apk-debug.apk'
[debug] &amp#27;[35m[ADB]&amp#27;[39m Getting IDs of all 'io.appium.settings' processes
[debug] &amp#27;[35m[ADB]&amp#27;[39m Running 'C:\Users\450520\AppData\Local\Android\Sdk\platform-tools\adb.exe -P 5037 -s emulator-5554 shell 'pgrep --help; echo $?''
[debug] &amp#27;[35m[ADB]&amp#27;[39m Running 'C:\Users\450520\AppData\Local\Android\Sdk\platform-tools\adb.exe -P 5037 -s emulator-5554 shell pgrep -f io\\.appium\\.settings'
[debug] &amp#27;[35m[ADB]&amp#27;[39m Running 'C:\Users\450520\AppData\Local\Android\Sdk\platform-tools\adb.exe -P 5037 -s emulator-5554 shell am start -n io.appium.settings/.Settings -a android.intent.action.MAIN -c android.intent.category.LAUNCHER'
[debug] &amp#27;[35m[ADB]&amp#27;[39m Getting IDs of all 'io.appium.settings' processes
[debug] &amp#27;[35m[ADB]&amp#27;[39m Running 'C:\Users\450520\AppData\Local\Android\Sdk\platform-tools\adb.exe -P 5037 -s emulator-5554 shell pgrep -f io\\.appium\\.settings'
[debug] &amp#27;[35m[ADB]&amp#27;[39m Getting IDs of all 'io.appium.settings' processes
[debug] &amp#27;[35m[ADB]&amp#27;[39m Running 'C:\Users\450520\AppData\Local\Android\Sdk\platform-tools\adb.exe -P 5037 -s emulator-5554 shell pgrep -f io\\.appium\\.settings'
[debug] &amp#27;[35m[ADB]&amp#27;[39m Running 'C:\Users\450520\AppData\Local\Android\Sdk\platform-tools\adb.exe -P 5037 -s emulator-5554 shell appops set io.appium.settings android\:mock_location allow'
[debug] &amp#27;[35m[Logcat]&amp#27;[39m Starting logcat capture
[debug] &amp#27;[35m[ADB]&amp#27;[39m Getting install status for io.appium.uiautomator2.server
[debug] &amp#27;[35m[ADB]&amp#27;[39m Running 'C:\Users\450520\AppData\Local\Android\Sdk\platform-tools\adb.exe -P 5037 -s emulator-5554 shell dumpsys package io.appium.uiautomator2.server'
[debug] &amp#27;[35m[ADB]&amp#27;[39m 'io.appium.uiautomator2.server' is installed
[debug] &amp#27;[35m[ADB]&amp#27;[39m Getting package info for 'io.appium.uiautomator2.server'
[debug] &amp#27;[35m[ADB]&amp#27;[39m Running 'C:\Users\450520\AppData\Local\Android\Sdk\platform-tools\adb.exe -P 5037 -s emulator-5554 shell dumpsys package io.appium.uiautomator2.server'
[debug] &amp#27;[35m[ADB]&amp#27;[39m The version name of the installed 'io.appium.uiautomator2.server' is greater or equal to the application version name ('3.7.0' >= '3.7.0')
[debug] &amp#27;[35m[UiAutomator2]&amp#27;[39m io.appium.uiautomator2.server installation state: sameVersionInstalled
[debug] &amp#27;[35m[ADB]&amp#27;[39m Checking app cert for C:\Users\450520\AppData\Roaming\npm\node_modules\appium\node_modules\appium-uiautomator2-server\apks\appium-uiautomator2-server-v3.7.0.apk
&amp#27;[35m[ADB]&amp#27;[39m Using 'apksigner.bat' from 'C:\Users\450520\AppData\Local\Android\Sdk\build-tools\28.0.3\apksigner.bat'
[debug] &amp#27;[35m[ADB]&amp#27;[39m Starting 'C:\Users\450520\AppData\Local\Android\Sdk\build-tools\28.0.3\apksigner.bat' with args '["verify","--print-certs","C:\\Users\\450520\\AppData\\Roaming\\npm\\node_modules\\appium\\node_modules\\appium-uiautomator2-server\\apks\\appium-uiautomator2-server-v3.7.0.apk"]'
[debug] &amp#27;[35m[ADB]&amp#27;[39m apksigner stdout: Signer #1 certificate DN: EMAILADDRESS=android@android.com, CN=Android, OU=Android, O=Android, L=Mountain View, ST=California, C=US
[debug] &amp#27;[35m[ADB]&amp#27;[39m Signer #1 certificate SHA-256 digest: a40da80a59d170caa950cf15c18c454d47a39b26989d8b640ecd745ba71bf5dc
[debug] &amp#27;[35m[ADB]&amp#27;[39m Signer #1 certificate SHA-1 digest: 61ed377e85d386a8dfee6b864bd85b0bfaa5af81
[debug] &amp#27;[35m[ADB]&amp#27;[39m Signer #1 certificate MD5 digest: e89b158e4bcf988ebd09eb83f5378e87
[debug] &amp#27;[35m[ADB]&amp#27;[39m 
[debug] &amp#27;[35m[ADB]&amp#27;[39m 'C:\Users\450520\AppData\Roaming\npm\node_modules\appium\node_modules\appium-uiautomator2-server\apks\appium-uiautomator2-server-v3.7.0.apk' is already signed.
[debug] &amp#27;[35m[ADB]&amp#27;[39m Getting install status for io.appium.uiautomator2.server.test
[debug] &amp#27;[35m[ADB]&amp#27;[39m Running 'C:\Users\450520\AppData\Local\Android\Sdk\platform-tools\adb.exe -P 5037 -s emulator-5554 shell dumpsys package io.appium.uiautomator2.server.test'
[debug] &amp#27;[35m[ADB]&amp#27;[39m 'io.appium.uiautomator2.server.test' is installed
[debug] &amp#27;[35m[ADB]&amp#27;[39m Checking app cert for C:\Users\450520\AppData\Roaming\npm\node_modules\appium\node_modules\appium-uiautomator2-server\apks\appium-uiautomator2-server-debug-androidTest.apk
[debug] &amp#27;[35m[ADB]&amp#27;[39m Starting 'C:\Users\450520\AppData\Local\Android\Sdk\build-tools\28.0.3\apksigner.bat' with args '["verify","--print-certs","C:\\Users\\450520\\AppData\\Roaming\\npm\\node_modules\\appium\\node_modules\\appium-uiautomator2-server\\apks\\appium-uiautomator2-server-debug-androidTest.apk"]'
[debug] &amp#27;[35m[ADB]&amp#27;[39m apksigner stdout: Signer #1 certificate DN: EMAILADDRESS=android@android.com, CN=Android, OU=Android, O=Android, L=Mountain View, ST=California, C=US
[debug] &amp#27;[35m[ADB]&amp#27;[39m Signer #1 certificate SHA-256 digest: a40da80a59d170caa950cf15c18c454d47a39b26989d8b640ecd745ba71bf5dc
[debug] &amp#27;[35m[ADB]&amp#27;[39m Signer #1 certificate SHA-1 digest: 61ed377e85d386a8dfee6b864bd85b0bfaa5af81
[debug] &amp#27;[35m[ADB]&amp#27;[39m Signer #1 certificate MD5 digest: e89b158e4bcf988ebd09eb83f5378e87
[debug] &amp#27;[35m[ADB]&amp#27;[39m 
[debug] &amp#27;[35m[ADB]&amp#27;[39m 'C:\Users\450520\AppData\Roaming\npm\node_modules\appium\node_modules\appium-uiautomator2-server\apks\appium-uiautomator2-server-debug-androidTest.apk' is already signed.
&amp#27;[35m[UiAutomator2]&amp#27;[39m Server packages are not going to be (re)installed
[debug] &amp#27;[35m[UiAutomator2]&amp#27;[39m Waiting up to 30000ms for services to be available
[debug] &amp#27;[35m[ADB]&amp#27;[39m Running 'C:\Users\450520\AppData\Local\Android\Sdk\platform-tools\adb.exe -P 5037 -s emulator-5554 shell pm list instrumentation'
[debug] &amp#27;[35m[UiAutomator2]&amp#27;[39m Instrumentation target 'io.appium.uiautomator2.server.test/androidx.test.runner.AndroidJUnitRunner' is available
[debug] &amp#27;[35m[UiAutomator2]&amp#27;[39m Forwarding UiAutomator2 Server port 6790 to 8200
[debug] &amp#27;[35m[ADB]&amp#27;[39m Forwarding system: 8200 to device: 6790
[debug] &amp#27;[35m[ADB]&amp#27;[39m Running 'C:\Users\450520\AppData\Local\Android\Sdk\platform-tools\adb.exe -P 5037 -s emulator-5554 forward tcp\:8200 tcp\:6790'
[debug] &amp#27;[35m[ADB]&amp#27;[39m Checking app cert for E:\java_workspace\AppiumFrameworkU\src\General-Store.apk
[debug] &amp#27;[35m[ADB]&amp#27;[39m Starting 'C:\Users\450520\AppData\Local\Android\Sdk\build-tools\28.0.3\apksigner.bat' with args '["verify","--print-certs","E:\\java_workspace\\AppiumFrameworkU\\src\\General-Store.apk"]'
[debug] &amp#27;[35m[ADB]&amp#27;[39m apksigner stdout: Signer #1 certificate DN: EMAILADDRESS=android@android.com, CN=Android, OU=Android, O=Android, L=Mountain View, ST=California, C=US
[debug] &amp#27;[35m[ADB]&amp#27;[39m Signer #1 certificate SHA-256 digest: a40da80a59d170caa950cf15c18c454d47a39b26989d8b640ecd745ba71bf5dc
[debug] &amp#27;[35m[ADB]&amp#27;[39m Signer #1 certificate SHA-1 digest: 61ed377e85d386a8dfee6b864bd85b0bfaa5af81
[debug] &amp#27;[35m[ADB]&amp#27;[39m Signer #1 certificate MD5 digest: e89b158e4bcf988ebd09eb83f5378e87
[debug] &amp#27;[35m[ADB]&amp#27;[39m 
[debug] &amp#27;[35m[ADB]&amp#27;[39m 'E:\java_workspace\AppiumFrameworkU\src\General-Store.apk' is already signed.
[debug] &amp#27;[35m[ADB]&amp#27;[39m Getting install status for com.androidsample.generalstore
[debug] &amp#27;[35m[ADB]&amp#27;[39m Running 'C:\Users\450520\AppData\Local\Android\Sdk\platform-tools\adb.exe -P 5037 -s emulator-5554 shell dumpsys package com.androidsample.generalstore'
[debug] &amp#27;[35m[ADB]&amp#27;[39m 'com.androidsample.generalstore' is installed
[debug] &amp#27;[35m[ADB]&amp#27;[39m Getting install status for com.androidsample.generalstore
[debug] &amp#27;[35m[ADB]&amp#27;[39m Running 'C:\Users\450520\AppData\Local\Android\Sdk\platform-tools\adb.exe -P 5037 -s emulator-5554 shell dumpsys package com.androidsample.generalstore'
[debug] &amp#27;[35m[ADB]&amp#27;[39m 'com.androidsample.generalstore' is installed
[debug] &amp#27;[35m[ADB]&amp#27;[39m Getting package info for 'com.androidsample.generalstore'
[debug] &amp#27;[35m[ADB]&amp#27;[39m Running 'C:\Users\450520\AppData\Local\Android\Sdk\platform-tools\adb.exe -P 5037 -s emulator-5554 shell dumpsys package com.androidsample.generalstore'
[debug] &amp#27;[35m[ADB]&amp#27;[39m The version name of the installed 'com.androidsample.generalstore' is greater or equal to the application version name ('1.0.0' >= '1.0.0')
[debug] &amp#27;[35m[ADB]&amp#27;[39m There is no need to install/upgrade 'E:\java_workspace\AppiumFrameworkU\src\General-Store.apk'
&amp#27;[35m[AndroidDriver]&amp#27;[39m Performing fast reset on 'com.androidsample.generalstore'
[debug] &amp#27;[35m[ADB]&amp#27;[39m Getting install status for com.androidsample.generalstore
[debug] &amp#27;[35m[ADB]&amp#27;[39m Running 'C:\Users\450520\AppData\Local\Android\Sdk\platform-tools\adb.exe -P 5037 -s emulator-5554 shell dumpsys package com.androidsample.generalstore'
[debug] &amp#27;[35m[ADB]&amp#27;[39m 'com.androidsample.generalstore' is installed
[debug] &amp#27;[35m[ADB]&amp#27;[39m Running 'C:\Users\450520\AppData\Local\Android\Sdk\platform-tools\adb.exe -P 5037 -s emulator-5554 shell am force-stop com.androidsample.generalstore'
[debug] &amp#27;[35m[ADB]&amp#27;[39m Running 'C:\Users\450520\AppData\Local\Android\Sdk\platform-tools\adb.exe -P 5037 -s emulator-5554 shell pm clear com.androidsample.generalstore'
[debug] &amp#27;[35m[AndroidDriver]&amp#27;[39m Performed fast reset on the installed 'com.androidsample.generalstore' application (stop and clear)
[debug] &amp#27;[35m[UiAutomator2]&amp#27;[39m Performing shallow cleanup of automation leftovers
[debug] &amp#27;[35m[UiAutomator2]&amp#27;[39m No obsolete sessions have been detected (Error: read ECONNRESET)
[debug] &amp#27;[35m[ADB]&amp#27;[39m Running 'C:\Users\450520\AppData\Local\Android\Sdk\platform-tools\adb.exe -P 5037 -s emulator-5554 shell am force-stop io.appium.uiautomator2.server.test'
&amp#27;[35m[UiAutomator2]&amp#27;[39m Starting UIAutomator2 server 3.7.0
&amp#27;[35m[UiAutomator2]&amp#27;[39m Using UIAutomator2 server from 'C:\Users\450520\AppData\Roaming\npm\node_modules\appium\node_modules\appium-uiautomator2-server\apks\appium-uiautomator2-server-v3.7.0.apk' and test from 'C:\Users\450520\AppData\Roaming\npm\node_modules\appium\node_modules\appium-uiautomator2-server\apks\appium-uiautomator2-server-debug-androidTest.apk'
&amp#27;[35m[UiAutomator2]&amp#27;[39m Waiting up to 30000ms for UiAutomator2 to be online...
[debug] &amp#27;[35m[ADB]&amp#27;[39m Creating ADB subprocess with args: ["-P",5037,"-s","emulator-5554","shell","am","instrument","-w","io.appium.uiautomator2.server.test/androidx.test.runner.AndroidJUnitRunner"]
[debug] &amp#27;[35m[WD Proxy]&amp#27;[39m Matched '/status' to command name 'getStatus'
[debug] &amp#27;[35m[WD Proxy]&amp#27;[39m Proxying [GET /status] to [GET http://localhost:8200/wd/hub/status] with no body
&amp#27;[35m[WD Proxy]&amp#27;[39m Got an unexpected response: {"errno":"ECONNRESET","code":"ECONNRESET","syscall":"read"}
[debug] &amp#27;[35m[WD Proxy]&amp#27;[39m Matched '/status' to command name 'getStatus'
[debug] &amp#27;[35m[WD Proxy]&amp#27;[39m Proxying [GET /status] to [GET http://localhost:8200/wd/hub/status] with no body
&amp#27;[35m[WD Proxy]&amp#27;[39m Got an unexpected response: {"errno":"ECONNRESET","code":"ECONNRESET","syscall":"read"}
[debug] &amp#27;[35m[Instrumentation]&amp#27;[39m io.appium.uiautomator2.server.test.AppiumUiAutomator2Server:
[debug] &amp#27;[35m[WD Proxy]&amp#27;[39m Matched '/status' to command name 'getStatus'
[debug] &amp#27;[35m[WD Proxy]&amp#27;[39m Proxying [GET /status] to [GET http://localhost:8200/wd/hub/status] with no body
&amp#27;[35m[WD Proxy]&amp#27;[39m Got an unexpected response: {"errno":"ECONNRESET","code":"ECONNRESET","syscall":"read"}
[debug] &amp#27;[35m[WD Proxy]&amp#27;[39m Matched '/status' to command name 'getStatus'
[debug] &amp#27;[35m[WD Proxy]&amp#27;[39m Proxying [GET /status] to [GET http://localhost:8200/wd/hub/status] with no body
[debug] &amp#27;[35m[WD Proxy]&amp#27;[39m Got response with status 200: "{\"sessionId\":\"None\",\"status\":0,\"value\":\"Status Invoked\"}"
[debug] &amp#27;[35m[WD Proxy]&amp#27;[39m Determined that the downstream protocol for proxy is MJSONWP
[debug] &amp#27;[35m[UiAutomator2]&amp#27;[39m The initialization of the instrumentation process took 4139ms
[debug] &amp#27;[35m[WD Proxy]&amp#27;[39m Matched '/session' to command name 'createSession'
[debug] &amp#27;[35m[WD Proxy]&amp#27;[39m Proxying [POST /session] to [POST http://localhost:8200/wd/hub/session] with body: {"desiredCapabilities":{"platform":"LINUX","webStorageEnabled":false,"takesScreenshot":true,"javascriptEnabled":true,"databaseEnabled":false,"networkConnectionEnabled":true,"locationContextEnabled":false,"warnings":{},"desired":{"platformName":"android","app":"E:\\java_workspace\\AppiumFrameworkU\\src\\General-Store.apk","automationName":"UiAutomator2","deviceName":"emulator-5554","newCommandTimeout":100},"platformName":"android","app":"E:\\java_workspace\\AppiumFrameworkU\\src\\General-Store.apk","automationName":"UiAutomator2","deviceName":"emulator-5554","newCommandTimeout":100,"deviceUDID":"emulator-5554","appPackage":"com.androidsample.generalstore"}}
[debug] &amp#27;[35m[WD Proxy]&amp#27;[39m Got response with status 200: {"sessionId":"8481669f-3b60-45ca-abe1-62cc6f4c3086","status":0,"value":"Created Session"}
[debug] &amp#27;[35m[WD Proxy]&amp#27;[39m Proxying [GET /appium/device/info] to [GET http://localhost:8200/wd/hub/session/8481669f-3b60-45ca-abe1-62cc6f4c3086/appium/device/info] with no body
[debug] &amp#27;[35m[WD Proxy]&amp#27;[39m Got response with status 200: "{\"sessionId\":\"8481669f-3b60-45ca-abe1-62cc6f4c3086\",\"status\":0,\"value\":{\"androidId\":\"16e6cca0e328e068\",\"manufacturer\":\"Google\",\"model\":\"AOSP on IA Emulator\",\"brand\":\"google\",\"apiVersion\":\"28\",\"platformVersion\":\"9\",\"carrierName\":\"Android\",\"realDisplaySize\":\"1440x2960\",\"displayDensity\":560,\"networks\":[{\"type\":0,\"typeName\":\"MOBILE\",\"subtype\":13,\"subtypeName\":\"LTE\",\"isConnected\":true,\"detailedState\":\"CONNECTED\",\"state\":\"CONNECTED\",\"extraInfo\":\"epc.tmobile.com\",\"isAvailable\":true,\"isFailover\":false,\"isRoaming\":false,\"capabilities\":{\"transportTypes\":\"NET_CAPABILITY_MMS\",\"networkCapabilities\":\"\",\"linkUpstreamBandwidthKbps\":51200,\"linkDownBandwidthKbps\":102400,\"signalStrength\":-2147483648,\"networkSpecifier\":\"1\",\"SSID\":null}},{\"type\":1,\"typeName\":\"WIFI\",\"subtype\":0,\"subtypeName\":\"\",\"isConnected\":true,\"detailedState\":\"CONNECTED\",\"state\":\"CONNECTED\",\"extraInfo\":null,\"isAvailable\":true,\"isFailo...
[debug] &amp#27;[35m[ADB]&amp#27;[39m Running 'C:\Users\450520\AppData\Local\Android\Sdk\platform-tools\adb.exe -P 5037 -s emulator-5554 shell dumpsys window'
&amp#27;[35m[AndroidDriver]&amp#27;[39m Screen already unlocked, doing nothing
&amp#27;[35m[UiAutomator2]&amp#27;[39m UiAutomator2 did not start the activity we were waiting for, 'com.androidsample.generalstore/com.androidsample.generalstore.SplashActivity'. Starting it ourselves
[debug] &amp#27;[35m[ADB]&amp#27;[39m Running 'C:\Users\450520\AppData\Local\Android\Sdk\platform-tools\adb.exe -P 5037 -s emulator-5554 shell am start -W -n com.androidsample.generalstore/com.androidsample.generalstore.SplashActivity -S -a android.intent.action.MAIN -c android.intent.category.LAUNCHER -f 0x10200000'
[debug] &amp#27;[35m[ADB]&amp#27;[39m Waiting up to 20000ms for activity matching pkg: 'com.androidsample.generalstore' and activity: 'com.androidsample.generalstore.SplashActivity' to be focused
[debug] &amp#27;[35m[ADB]&amp#27;[39m Possible activities, to be checked: 'com.androidsample.generalstore.SplashActivity', 'com.androidsample.generalstore.com.androidsample.generalstore.SplashActivity'
[debug] &amp#27;[35m[ADB]&amp#27;[39m Getting focused package and activity
[debug] &amp#27;[35m[ADB]&amp#27;[39m Running 'C:\Users\450520\AppData\Local\Android\Sdk\platform-tools\adb.exe -P 5037 -s emulator-5554 shell dumpsys window windows'
[debug] &amp#27;[35m[ADB]&amp#27;[39m Found package: 'com.androidsample.generalstore' and fully qualified activity name : 'com.androidsample.generalstore.SplashActivity'
[debug] &amp#27;[35m[WD Proxy]&amp#27;[39m Proxying [GET /appium/device/pixel_ratio] to [GET http://localhost:8200/wd/hub/session/8481669f-3b60-45ca-abe1-62cc6f4c3086/appium/device/pixel_ratio] with body: {}
[debug] &amp#27;[35m[WD Proxy]&amp#27;[39m Got response with status 200: "{\"sessionId\":\"8481669f-3b60-45ca-abe1-62cc6f4c3086\",\"status\":0,\"value\":3.5}"
[debug] &amp#27;[35m[WD Proxy]&amp#27;[39m Matched '/appium/device/system_bars' to command name 'getSystemBars'
[debug] &amp#27;[35m[WD Proxy]&amp#27;[39m Proxying [GET /appium/device/system_bars] to [GET http://localhost:8200/wd/hub/session/8481669f-3b60-45ca-abe1-62cc6f4c3086/appium/device/system_bars] with body: {}
[debug] &amp#27;[35m[WD Proxy]&amp#27;[39m Got response with status 200: "{\"sessionId\":\"8481669f-3b60-45ca-abe1-62cc6f4c3086\",\"status\":0,\"value\":{\"statusBar\":172}}"
[debug] &amp#27;[35m[WD Proxy]&amp#27;[39m Matched '/window/current/size' to command name 'getWindowSize'
[debug] &amp#27;[35m[WD Proxy]&amp#27;[39m Proxying [GET /window/current/size] to [GET http://localhost:8200/wd/hub/session/8481669f-3b60-45ca-abe1-62cc6f4c3086/window/current/size] with body: {}
[debug] &amp#27;[35m[WD Proxy]&amp#27;[39m Got response with status 200: "{\"sessionId\":\"8481669f-3b60-45ca-abe1-62cc6f4c3086\",\"status\":0,\"value\":{\"height\":2621,\"width\":1440}}"
&amp#27;[35m[Appium]&amp#27;[39m New AndroidUiautomator2Driver session created successfully, session a181b1dd-561d-4252-a364-a7797f8723ac added to master session list
[debug] &amp#27;[35m[BaseDriver]&amp#27;[39m Event 'newSessionStarted' logged at 1595163520736 (18:28:40 GMT+0530 (India Standard Time))
[debug] &amp#27;[35m[W3C (a181b1dd)]&amp#27;[39m Cached the protocol value 'W3C' for the new session a181b1dd-561d-4252-a364-a7797f8723ac
[debug] &amp#27;[35m[W3C (a181b1dd)]&amp#27;[39m Responding to client with driver.createSession() result: {"capabilities":{"platform":"LINUX","webStorageEnabled":false,"takesScreenshot":true,"javascriptEnabled":true,"databaseEnabled":false,"networkConnectionEnabled":true,"locationContextEnabled":false,"warnings":{},"desired":{"platformName":"android","app":"E:\\java_workspace\\AppiumFrameworkU\\src\\General-Store.apk","automationName":"UiAutomator2","deviceName":"emulator-5554","newCommandTimeout":100},"platformName":"android","app":"E:\\java_workspace\\AppiumFrameworkU\\src\\General-Store.apk","automationName":"UiAutomator2","deviceName":"emulator-5554","newCommandTimeout":100,"deviceUDID":"emulator-5554","appPackage":"com.androidsample.generalstore","deviceApiLevel":28,"platformVersion":"9","deviceScreenSize":"1440x2960","deviceScreenDensity":560,"deviceModel":"AOSP on IA Emulator","deviceManufacturer":"Google","pixelRatio":3.5,"statBarHeight":172,"viewportRect":{"left":0,"top":172,"width":1440,"height":2449}}}
&amp#27;[35m[HTTP]&amp#27;[39m &amp#27;[37m<-- POST /wd/hub/session &amp#27;[39m&amp#27;[32m200&amp#27;[39m &amp#27;[90m16786 ms - 983&amp#27;[39m
&amp#27;[35m[HTTP]&amp#27;[39m &amp#27;[90m&amp#27;[39m
&amp#27;[35m[HTTP]&amp#27;[39m &amp#27;[37m-->&amp#27;[39m &amp#27;[37mGET&amp#27;[39m &amp#27;[37m/wd/hub/session/a181b1dd-561d-4252-a364-a7797f8723ac&amp#27;[39m
&amp#27;[35m[HTTP]&amp#27;[39m &amp#27;[90m{}&amp#27;[39m
[debug] &amp#27;[35m[W3C (a181b1dd)]&amp#27;[39m Calling AppiumDriver.getSession() with args: ["a181b1dd-561d-4252-a364-a7797f8723ac"]
[debug] &amp#27;[35m[UiAutomator2]&amp#27;[39m Getting session details from server to mix in
[debug] &amp#27;[35m[WD Proxy]&amp#27;[39m Matched '/' to command name 'getSession'
[debug] &amp#27;[35m[WD Proxy]&amp#27;[39m Proxying [GET /] to [GET http://localhost:8200/wd/hub/session/8481669f-3b60-45ca-abe1-62cc6f4c3086] with body: {}
[debug] &amp#27;[35m[WD Proxy]&amp#27;[39m Got response with status 200: "{\"sessionId\":\"8481669f-3b60-45ca-abe1-62cc6f4c3086\",\"status\":0,\"value\":{}}"
[debug] &amp#27;[35m[W3C (a181b1dd)]&amp#27;[39m Responding to client with driver.getSession() result: {"platform":"LINUX","webStorageEnabled":false,"takesScreenshot":true,"javascriptEnabled":true,"databaseEnabled":false,"networkConnectionEnabled":true,"locationContextEnabled":false,"warnings":{},"desired":{"platformName":"android","app":"E:\\java_workspace\\AppiumFrameworkU\\src\\General-Store.apk","automationName":"UiAutomator2","deviceName":"emulator-5554","newCommandTimeout":100},"platformName":"android","app":"E:\\java_workspace\\AppiumFrameworkU\\src\\General-Store.apk","automationName":"UiAutomator2","deviceName":"emulator-5554","newCommandTimeout":100,"deviceUDID":"emulator-5554","appPackage":"com.androidsample.generalstore","deviceApiLevel":28,"platformVersion":"9","deviceScreenSize":"1440x2960","deviceScreenDensity":560,"deviceModel":"AOSP on IA Emulator","deviceManufacturer":"Google","pixelRatio":3.5,"statBarHeight":172,"viewportRect":{"left":0,"top":172,"width":1440,"height":2449}}
&amp#27;[35m[HTTP]&amp#27;[39m &amp#27;[37m<-- GET /wd/hub/session/a181b1dd-561d-4252-a364-a7797f8723ac &amp#27;[39m&amp#27;[32m200&amp#27;[39m &amp#27;[90m66 ms - 915&amp#27;[39m
&amp#27;[35m[HTTP]&amp#27;[39m &amp#27;[90m&amp#27;[39m
&amp#27;[35m[HTTP]&amp#27;[39m &amp#27;[37m-->&amp#27;[39m &amp#27;[37mGET&amp#27;[39m &amp#27;[37m/wd/hub/session/a181b1dd-561d-4252-a364-a7797f8723ac&amp#27;[39m
&amp#27;[35m[HTTP]&amp#27;[39m &amp#27;[90m{}&amp#27;[39m
[debug] &amp#27;[35m[W3C (a181b1dd)]&amp#27;[39m Calling AppiumDriver.getSession() with args: ["a181b1dd-561d-4252-a364-a7797f8723ac"]
[debug] &amp#27;[35m[UiAutomator2]&amp#27;[39m Getting session details from server to mix in
[debug] &amp#27;[35m[WD Proxy]&amp#27;[39m Matched '/' to command name 'getSession'
[debug] &amp#27;[35m[WD Proxy]&amp#27;[39m Proxying [GET /] to [GET http://localhost:8200/wd/hub/session/8481669f-3b60-45ca-abe1-62cc6f4c3086] with body: {}
[debug] &amp#27;[35m[WD Proxy]&amp#27;[39m Got response with status 200: "{\"sessionId\":\"8481669f-3b60-45ca-abe1-62cc6f4c3086\",\"status\":0,\"value\":{}}"
[debug] &amp#27;[35m[W3C (a181b1dd)]&amp#27;[39m Responding to client with driver.getSession() result: {"platform":"LINUX","webStorageEnabled":false,"takesScreenshot":true,"javascriptEnabled":true,"databaseEnabled":false,"networkConnectionEnabled":true,"locationContextEnabled":false,"warnings":{},"desired":{"platformName":"android","app":"E:\\java_workspace\\AppiumFrameworkU\\src\\General-Store.apk","automationName":"UiAutomator2","deviceName":"emulator-5554","newCommandTimeout":100},"platformName":"android","app":"E:\\java_workspace\\AppiumFrameworkU\\src\\General-Store.apk","automationName":"UiAutomator2","deviceName":"emulator-5554","newCommandTimeout":100,"deviceUDID":"emulator-5554","appPackage":"com.androidsample.generalstore","deviceApiLevel":28,"platformVersion":"9","deviceScreenSize":"1440x2960","deviceScreenDensity":560,"deviceModel":"AOSP on IA Emulator","deviceManufacturer":"Google","pixelRatio":3.5,"statBarHeight":172,"viewportRect":{"left":0,"top":172,"width":1440,"height":2449}}
&amp#27;[35m[HTTP]&amp#27;[39m &amp#27;[37m<-- GET /wd/hub/session/a181b1dd-561d-4252-a364-a7797f8723ac &amp#27;[39m&amp#27;[32m200&amp#27;[39m &amp#27;[90m44 ms - 915&amp#27;[39m
&amp#27;[35m[HTTP]&amp#27;[39m &amp#27;[90m&amp#27;[39m
&amp#27;[35m[HTTP]&amp#27;[39m &amp#27;[37m-->&amp#27;[39m &amp#27;[37mPOST&amp#27;[39m &amp#27;[37m/wd/hub/session/a181b1dd-561d-4252-a364-a7797f8723ac/timeouts&amp#27;[39m
&amp#27;[35m[HTTP]&amp#27;[39m &amp#27;[90m{"implicit":5000000}&amp#27;[39m
[debug] &amp#27;[35m[W3C (a181b1dd)]&amp#27;[39m Calling AppiumDriver.timeouts() with args: [null,null,null,null,5000000,"a181b1dd-561d-4252-a364-a7797f8723ac"]
[debug] &amp#27;[35m[BaseDriver]&amp#27;[39m W3C timeout argument: {"implicit":5000000}}
[debug] &amp#27;[35m[BaseDriver]&amp#27;[39m Set implicit wait to 5000000ms
[debug] &amp#27;[35m[W3C (a181b1dd)]&amp#27;[39m Responding to client with driver.timeouts() result: null
&amp#27;[35m[HTTP]&amp#27;[39m &amp#27;[37m<-- POST /wd/hub/session/a181b1dd-561d-4252-a364-a7797f8723ac/timeouts &amp#27;[39m&amp#27;[32m200&amp#27;[39m &amp#27;[90m6 ms - 14&amp#27;[39m
&amp#27;[35m[HTTP]&amp#27;[39m &amp#27;[90m&amp#27;[39m
&amp#27;[35m[HTTP]&amp#27;[39m &amp#27;[37m-->&amp#27;[39m &amp#27;[37mGET&amp#27;[39m &amp#27;[37m/wd/hub/session/a181b1dd-561d-4252-a364-a7797f8723ac&amp#27;[39m
&amp#27;[35m[HTTP]&amp#27;[39m &amp#27;[90m{}&amp#27;[39m
[debug] &amp#27;[35m[W3C (a181b1dd)]&amp#27;[39m Calling AppiumDriver.getSession() with args: ["a181b1dd-561d-4252-a364-a7797f8723ac"]
[debug] &amp#27;[35m[UiAutomator2]&amp#27;[39m Getting session details from server to mix in
[debug] &amp#27;[35m[WD Proxy]&amp#27;[39m Matched '/' to command name 'getSession'
[debug] &amp#27;[35m[WD Proxy]&amp#27;[39m Proxying [GET /] to [GET http://localhost:8200/wd/hub/session/8481669f-3b60-45ca-abe1-62cc6f4c3086] with body: {}
[debug] &amp#27;[35m[WD Proxy]&amp#27;[39m Got response with status 200: "{\"sessionId\":\"8481669f-3b60-45ca-abe1-62cc6f4c3086\",\"status\":0,\"value\":{}}"
[debug] &amp#27;[35m[W3C (a181b1dd)]&amp#27;[39m Responding to client with driver.getSession() result: {"platform":"LINUX","webStorageEnabled":false,"takesScreenshot":true,"javascriptEnabled":true,"databaseEnabled":false,"networkConnectionEnabled":true,"locationContextEnabled":false,"warnings":{},"desired":{"platformName":"android","app":"E:\\java_workspace\\AppiumFrameworkU\\src\\General-Store.apk","automationName":"UiAutomator2","deviceName":"emulator-5554","newCommandTimeout":100},"platformName":"android","app":"E:\\java_workspace\\AppiumFrameworkU\\src\\General-Store.apk","automationName":"UiAutomator2","deviceName":"emulator-5554","newCommandTimeout":100,"deviceUDID":"emulator-5554","appPackage":"com.androidsample.generalstore","deviceApiLevel":28,"platformVersion":"9","deviceScreenSize":"1440x2960","deviceScreenDensity":560,"deviceModel":"AOSP on IA Emulator","deviceManufacturer":"Google","pixelRatio":3.5,"statBarHeight":172,"viewportRect":{"left":0,"top":172,"width":1440,"height":2449}}
&amp#27;[35m[HTTP]&amp#27;[39m &amp#27;[37m<-- GET /wd/hub/session/a181b1dd-561d-4252-a364-a7797f8723ac &amp#27;[39m&amp#27;[32m200&amp#27;[39m &amp#27;[90m38 ms - 915&amp#27;[39m
&amp#27;[35m[HTTP]&amp#27;[39m &amp#27;[90m&amp#27;[39m
&amp#27;[35m[HTTP]&amp#27;[39m &amp#27;[37m-->&amp#27;[39m &amp#27;[37mGET&amp#27;[39m &amp#27;[37m/wd/hub/session/a181b1dd-561d-4252-a364-a7797f8723ac&amp#27;[39m
&amp#27;[35m[HTTP]&amp#27;[39m &amp#27;[90m{}&amp#27;[39m
[debug] &amp#27;[35m[W3C (a181b1dd)]&amp#27;[39m Calling AppiumDriver.getSession() with args: ["a181b1dd-561d-4252-a364-a7797f8723ac"]
[debug] &amp#27;[35m[UiAutomator2]&amp#27;[39m Getting session details from server to mix in
[debug] &amp#27;[35m[WD Proxy]&amp#27;[39m Matched '/' to command name 'getSession'
[debug] &amp#27;[35m[WD Proxy]&amp#27;[39m Proxying [GET /] to [GET http://localhost:8200/wd/hub/session/8481669f-3b60-45ca-abe1-62cc6f4c3086] with body: {}
[debug] &amp#27;[35m[WD Proxy]&amp#27;[39m Got response with status 200: "{\"sessionId\":\"8481669f-3b60-45ca-abe1-62cc6f4c3086\",\"status\":0,\"value\":{}}"
[debug] &amp#27;[35m[W3C (a181b1dd)]&amp#27;[39m Responding to client with driver.getSession() result: {"platform":"LINUX","webStorageEnabled":false,"takesScreenshot":true,"javascriptEnabled":true,"databaseEnabled":false,"networkConnectionEnabled":true,"locationContextEnabled":false,"warnings":{},"desired":{"platformName":"android","app":"E:\\java_workspace\\AppiumFrameworkU\\src\\General-Store.apk","automationName":"UiAutomator2","deviceName":"emulator-5554","newCommandTimeout":100},"platformName":"android","app":"E:\\java_workspace\\AppiumFrameworkU\\src\\General-Store.apk","automationName":"UiAutomator2","deviceName":"emulator-5554","newCommandTimeout":100,"deviceUDID":"emulator-5554","appPackage":"com.androidsample.generalstore","deviceApiLevel":28,"platformVersion":"9","deviceScreenSize":"1440x2960","deviceScreenDensity":560,"deviceModel":"AOSP on IA Emulator","deviceManufacturer":"Google","pixelRatio":3.5,"statBarHeight":172,"viewportRect":{"left":0,"top":172,"width":1440,"height":2449}}
&amp#27;[35m[HTTP]&amp#27;[39m &amp#27;[37m<-- GET /wd/hub/session/a181b1dd-561d-4252-a364-a7797f8723ac &amp#27;[39m&amp#27;[32m200&amp#27;[39m &amp#27;[90m39 ms - 915&amp#27;[39m
&amp#27;[35m[HTTP]&amp#27;[39m &amp#27;[90m&amp#27;[39m
Finding the Name TB
&amp#27;[35m[HTTP]&amp#27;[39m &amp#27;[37m-->&amp#27;[39m &amp#27;[37mGET&amp#27;[39m &amp#27;[37m/wd/hub/session/a181b1dd-561d-4252-a364-a7797f8723ac&amp#27;[39m
&amp#27;[35m[HTTP]&amp#27;[39m &amp#27;[90m{}&amp#27;[39m
[debug] &amp#27;[35m[W3C (a181b1dd)]&amp#27;[39m Calling AppiumDriver.getSession() with args: ["a181b1dd-561d-4252-a364-a7797f8723ac"]
[debug] &amp#27;[35m[UiAutomator2]&amp#27;[39m Getting session details from server to mix in
[debug] &amp#27;[35m[WD Proxy]&amp#27;[39m Matched '/' to command name 'getSession'
[debug] &amp#27;[35m[WD Proxy]&amp#27;[39m Proxying [GET /] to [GET http://localhost:8200/wd/hub/session/8481669f-3b60-45ca-abe1-62cc6f4c3086] with body: {}
[debug] &amp#27;[35m[WD Proxy]&amp#27;[39m Got response with status 200: "{\"sessionId\":\"8481669f-3b60-45ca-abe1-62cc6f4c3086\",\"status\":0,\"value\":{}}"
[debug] &amp#27;[35m[W3C (a181b1dd)]&amp#27;[39m Responding to client with driver.getSession() result: {"platform":"LINUX","webStorageEnabled":false,"takesScreenshot":true,"javascriptEnabled":true,"databaseEnabled":false,"networkConnectionEnabled":true,"locationContextEnabled":false,"warnings":{},"desired":{"platformName":"android","app":"E:\\java_workspace\\AppiumFrameworkU\\src\\General-Store.apk","automationName":"UiAutomator2","deviceName":"emulator-5554","newCommandTimeout":100},"platformName":"android","app":"E:\\java_workspace\\AppiumFrameworkU\\src\\General-Store.apk","automationName":"UiAutomator2","deviceName":"emulator-5554","newCommandTimeout":100,"deviceUDID":"emulator-5554","appPackage":"com.androidsample.generalstore","deviceApiLevel":28,"platformVersion":"9","deviceScreenSize":"1440x2960","deviceScreenDensity":560,"deviceModel":"AOSP on IA Emulator","deviceManufacturer":"Google","pixelRatio":3.5,"statBarHeight":172,"viewportRect":{"left":0,"top":172,"width":1440,"height":2449}}
&amp#27;[35m[HTTP]&amp#27;[39m &amp#27;[37m<-- GET /wd/hub/session/a181b1dd-561d-4252-a364-a7797f8723ac &amp#27;[39m&amp#27;[32m200&amp#27;[39m &amp#27;[90m34 ms - 915&amp#27;[39m
&amp#27;[35m[HTTP]&amp#27;[39m &amp#27;[90m&amp#27;[39m
&amp#27;[35m[HTTP]&amp#27;[39m &amp#27;[37m-->&amp#27;[39m &amp#27;[37mPOST&amp#27;[39m &amp#27;[37m/wd/hub/session/a181b1dd-561d-4252-a364-a7797f8723ac/element&amp#27;[39m
&amp#27;[35m[HTTP]&amp#27;[39m &amp#27;[90m{"using":"id","value":"com.androidsample.generalstore:id/nameField"}&amp#27;[39m
[debug] &amp#27;[35m[W3C (a181b1dd)]&amp#27;[39m Calling AppiumDriver.findElement() with args: ["id","com.androidsample.generalstore:id/nameField","a181b1dd-561d-4252-a364-a7797f8723ac"]
[debug] &amp#27;[35m[BaseDriver]&amp#27;[39m Valid locator strategies for this request: xpath, id, class name, accessibility id, -android uiautomator
[debug] &amp#27;[35m[BaseDriver]&amp#27;[39m Waiting up to 5000000 ms for condition
[debug] &amp#27;[35m[WD Proxy]&amp#27;[39m Matched '/element' to command name 'findElement'
[debug] &amp#27;[35m[WD Proxy]&amp#27;[39m Proxying [POST /element] to [POST http://localhost:8200/wd/hub/session/8481669f-3b60-45ca-abe1-62cc6f4c3086/element] with body: {"strategy":"id","selector":"com.androidsample.generalstore:id/nameField","context":"","multiple":false}
&amp#27;[35m[WD Proxy]&amp#27;[39m Got an unexpected response: {"sessionId":"8481669f-3b60-45ca-abe1-62cc6f4c3086","status":7,"value":"An element could not be located on the page using the given search parameters."}
[debug] &amp#27;[35m[MJSONWP]&amp#27;[39m Matched JSONWP error code 7 to NoSuchElementError
[debug] &amp#27;[35m[BaseDriver]&amp#27;[39m Waited for 172 ms so far
[debug] &amp#27;[35m[WD Proxy]&amp#27;[39m Matched '/element' to command name 'findElement'
[debug] &amp#27;[35m[WD Proxy]&amp#27;[39m Proxying [POST /element] to [POST http://localhost:8200/wd/hub/session/8481669f-3b60-45ca-abe1-62cc6f4c3086/element] with body: {"strategy":"id","selector":"com.androidsample.generalstore:id/nameField","context":"","multiple":false}
&amp#27;[35m[WD Proxy]&amp#27;[39m Got an unexpected response: {"sessionId":"8481669f-3b60-45ca-abe1-62cc6f4c3086","status":7,"value":"An element could not be located on the page using the given search parameters."}
[debug] &amp#27;[35m[MJSONWP]&amp#27;[39m Matched JSONWP error code 7 to NoSuchElementError
[debug] &amp#27;[35m[BaseDriver]&amp#27;[39m Waited for 928 ms so far
[debug] &amp#27;[35m[WD Proxy]&amp#27;[39m Matched '/element' to command name 'findElement'
[debug] &amp#27;[35m[WD Proxy]&amp#27;[39m Proxying [POST /element] to [POST http://localhost:8200/wd/hub/session/8481669f-3b60-45ca-abe1-62cc6f4c3086/element] with body: {"strategy":"id","selector":"com.androidsample.generalstore:id/nameField","context":"","multiple":false}
[debug] &amp#27;[35m[WD Proxy]&amp#27;[39m Got response with status 200: {"sessionId":"8481669f-3b60-45ca-abe1-62cc6f4c3086","status":0,"value":{"ELEMENT":"60dd6717-9dc2-4271-8672-78eafc7c3564"}}
[debug] &amp#27;[35m[W3C (a181b1dd)]&amp#27;[39m Responding to client with driver.findElement() result: {"element-6066-11e4-a52e-4f735466cecf":"60dd6717-9dc2-4271-8672-78eafc7c3564","ELEMENT":"60dd6717-9dc2-4271-8672-78eafc7c3564"}
&amp#27;[35m[HTTP]&amp#27;[39m &amp#27;[37m<-- POST /wd/hub/session/a181b1dd-561d-4252-a364-a7797f8723ac/element &amp#27;[39m&amp#27;[32m200&amp#27;[39m &amp#27;[90m1773 ms - 137&amp#27;[39m
&amp#27;[35m[HTTP]&amp#27;[39m &amp#27;[90m&amp#27;[39m
&amp#27;[35m[HTTP]&amp#27;[39m &amp#27;[37m-->&amp#27;[39m &amp#27;[37mPOST&amp#27;[39m &amp#27;[37m/wd/hub/session/a181b1dd-561d-4252-a364-a7797f8723ac/element/60dd6717-9dc2-4271-8672-78eafc7c3564/value&amp#27;[39m
&amp#27;[35m[HTTP]&amp#27;[39m &amp#27;[90m{"id":"60dd6717-9dc2-4271-8672-78eafc7c3564","text":"Ayesha","value":["A","y","e","s","h","a"]}&amp#27;[39m
[debug] &amp#27;[35m[W3C (a181b1dd)]&amp#27;[39m Calling AppiumDriver.setValue() with args: [["A","y","e","s","h","a"],"60dd6717-9dc2-4271-8672-78eafc7c3564","a181b1dd-561d-4252-a364-a7797f8723ac"]
[debug] &amp#27;[35m[WD Proxy]&amp#27;[39m Matched '/element/60dd6717-9dc2-4271-8672-78eafc7c3564/value' to command name 'setValue'
[debug] &amp#27;[35m[Protocol Converter]&amp#27;[39m Added 'value' property ["A","y","e","s","h","a"] to 'setValue' request body
[debug] &amp#27;[35m[WD Proxy]&amp#27;[39m Proxying [POST /element/60dd6717-9dc2-4271-8672-78eafc7c3564/value] to [POST http://localhost:8200/wd/hub/session/8481669f-3b60-45ca-abe1-62cc6f4c3086/element/60dd6717-9dc2-4271-8672-78eafc7c3564/value] with body: {"elementId":"60dd6717-9dc2-4271-8672-78eafc7c3564","text":"Ayesha","replace":false,"value":["A","y","e","s","h","a"]}
[debug] &amp#27;[35m[WD Proxy]&amp#27;[39m Got response with status 200: {"sessionId":"8481669f-3b60-45ca-abe1-62cc6f4c3086","status":0,"value":""}
[debug] &amp#27;[35m[W3C (a181b1dd)]&amp#27;[39m Responding to client with driver.setValue() result: ""
&amp#27;[35m[HTTP]&amp#27;[39m &amp#27;[37m<-- POST /wd/hub/session/a181b1dd-561d-4252-a364-a7797f8723ac/element/60dd6717-9dc2-4271-8672-78eafc7c3564/value &amp#27;[39m&amp#27;[32m200&amp#27;[39m &amp#27;[90m1144 ms - 12&amp#27;[39m
&amp#27;[35m[HTTP]&amp#27;[39m &amp#27;[90m&amp#27;[39m
&amp#27;[35m[HTTP]&amp#27;[39m &amp#27;[37m-->&amp#27;[39m &amp#27;[37mPOST&amp#27;[39m &amp#27;[37m/wd/hub/session/a181b1dd-561d-4252-a364-a7797f8723ac/appium/device/hide_keyboard&amp#27;[39m
&amp#27;[35m[HTTP]&amp#27;[39m &amp#27;[90m{}&amp#27;[39m
[debug] &amp#27;[35m[W3C (a181b1dd)]&amp#27;[39m Calling AppiumDriver.hideKeyboard() with args: [null,null,null,null,"a181b1dd-561d-4252-a364-a7797f8723ac"]
[debug] &amp#27;[35m[ADB]&amp#27;[39m Running 'C:\Users\450520\AppData\Local\Android\Sdk\platform-tools\adb.exe -P 5037 -s emulator-5554 shell dumpsys input_method'
&amp#27;[35m[AndroidDriver]&amp#27;[39m Keyboard has no UI; no closing necessary
[debug] &amp#27;[35m[W3C (a181b1dd)]&amp#27;[39m Responding to client with driver.hideKeyboard() result: null
&amp#27;[35m[HTTP]&amp#27;[39m &amp#27;[37m<-- POST /wd/hub/session/a181b1dd-561d-4252-a364-a7797f8723ac/appium/device/hide_keyboard &amp#27;[39m&amp#27;[32m200&amp#27;[39m &amp#27;[90m300 ms - 14&amp#27;[39m
&amp#27;[35m[HTTP]&amp#27;[39m &amp#27;[90m&amp#27;[39m
Finding the Gender RB
&amp#27;[35m[HTTP]&amp#27;[39m &amp#27;[37m-->&amp#27;[39m &amp#27;[37mPOST&amp#27;[39m &amp#27;[37m/wd/hub/session/a181b1dd-561d-4252-a364-a7797f8723ac/element&amp#27;[39m
&amp#27;[35m[HTTP]&amp#27;[39m &amp#27;[90m{"using":"xpath","value":"//android.widget.RadioButton[@text='Female']"}&amp#27;[39m
[debug] &amp#27;[35m[W3C (a181b1dd)]&amp#27;[39m Calling AppiumDriver.findElement() with args: ["xpath","//android.widget.RadioButton[@text='Female']","a181b1dd-561d-4252-a364-a7797f8723ac"]
[debug] &amp#27;[35m[BaseDriver]&amp#27;[39m Valid locator strategies for this request: xpath, id, class name, accessibility id, -android uiautomator
[debug] &amp#27;[35m[BaseDriver]&amp#27;[39m Waiting up to 5000000 ms for condition
[debug] &amp#27;[35m[WD Proxy]&amp#27;[39m Matched '/element' to command name 'findElement'
[debug] &amp#27;[35m[WD Proxy]&amp#27;[39m Proxying [POST /element] to [POST http://localhost:8200/wd/hub/session/8481669f-3b60-45ca-abe1-62cc6f4c3086/element] with body: {"strategy":"xpath","selector":"//android.widget.RadioButton[@text='Female']","context":"","multiple":false}
[debug] &amp#27;[35m[WD Proxy]&amp#27;[39m Got response with status 200: {"sessionId":"8481669f-3b60-45ca-abe1-62cc6f4c3086","status":0,"value":{"ELEMENT":"f5c9bf10-55ad-47e8-9256-503b6a675707"}}
[debug] &amp#27;[35m[W3C (a181b1dd)]&amp#27;[39m Responding to client with driver.findElement() result: {"element-6066-11e4-a52e-4f735466cecf":"f5c9bf10-55ad-47e8-9256-503b6a675707","ELEMENT":"f5c9bf10-55ad-47e8-9256-503b6a675707"}
&amp#27;[35m[HTTP]&amp#27;[39m &amp#27;[37m<-- POST /wd/hub/session/a181b1dd-561d-4252-a364-a7797f8723ac/element &amp#27;[39m&amp#27;[32m200&amp#27;[39m &amp#27;[90m978 ms - 137&amp#27;[39m
&amp#27;[35m[HTTP]&amp#27;[39m &amp#27;[90m&amp#27;[39m
&amp#27;[35m[HTTP]&amp#27;[39m &amp#27;[37m-->&amp#27;[39m &amp#27;[37mPOST&amp#27;[39m &amp#27;[37m/wd/hub/session/a181b1dd-561d-4252-a364-a7797f8723ac/element/f5c9bf10-55ad-47e8-9256-503b6a675707/click&amp#27;[39m
&amp#27;[35m[HTTP]&amp#27;[39m &amp#27;[90m{"id":"f5c9bf10-55ad-47e8-9256-503b6a675707"}&amp#27;[39m
[debug] &amp#27;[35m[W3C (a181b1dd)]&amp#27;[39m Calling AppiumDriver.click() with args: ["f5c9bf10-55ad-47e8-9256-503b6a675707","a181b1dd-561d-4252-a364-a7797f8723ac"]
[debug] &amp#27;[35m[WD Proxy]&amp#27;[39m Matched '/element/f5c9bf10-55ad-47e8-9256-503b6a675707/click' to command name 'click'
[debug] &amp#27;[35m[WD Proxy]&amp#27;[39m Proxying [POST /element/f5c9bf10-55ad-47e8-9256-503b6a675707/click] to [POST http://localhost:8200/wd/hub/session/8481669f-3b60-45ca-abe1-62cc6f4c3086/element/f5c9bf10-55ad-47e8-9256-503b6a675707/click] with body: {"element":"f5c9bf10-55ad-47e8-9256-503b6a675707"}
[debug] &amp#27;[35m[WD Proxy]&amp#27;[39m Got response with status 200: {"sessionId":"8481669f-3b60-45ca-abe1-62cc6f4c3086","status":0,"value":true}
[debug] &amp#27;[35m[W3C (a181b1dd)]&amp#27;[39m Responding to client with driver.click() result: true
&amp#27;[35m[HTTP]&amp#27;[39m &amp#27;[37m<-- POST /wd/hub/session/a181b1dd-561d-4252-a364-a7797f8723ac/element/f5c9bf10-55ad-47e8-9256-503b6a675707/click &amp#27;[Finding the Country DD
39m&amp#27;[32m200&amp#27;[39m &amp#27;[90m41 ms - 14&amp#27;[39m
&amp#27;[35m[HTTP]&amp#27;[39m &amp#27;[90m&amp#27;[39m
&amp#27;[35m[HTTP]&amp#27;[39m &amp#27;[37m-->&amp#27;[39m &amp#27;[37mGET&amp#27;[39m &amp#27;[37m/wd/hub/session/a181b1dd-561d-4252-a364-a7797f8723ac&amp#27;[39m
&amp#27;[35m[HTTP]&amp#27;[39m &amp#27;[90m{}&amp#27;[39m
[debug] &amp#27;[35m[W3C (a181b1dd)]&amp#27;[39m Calling AppiumDriver.getSession() with args: ["a181b1dd-561d-4252-a364-a7797f8723ac"]
[debug] &amp#27;[35m[UiAutomator2]&amp#27;[39m Getting session details from server to mix in
[debug] &amp#27;[35m[WD Proxy]&amp#27;[39m Matched '/' to command name 'getSession'
[debug] &amp#27;[35m[WD Proxy]&amp#27;[39m Proxying [GET /] to [GET http://localhost:8200/wd/hub/session/8481669f-3b60-45ca-abe1-62cc6f4c3086] with body: {}
[debug] &amp#27;[35m[WD Proxy]&amp#27;[39m Got response with status 200: "{\"sessionId\":\"8481669f-3b60-45ca-abe1-62cc6f4c3086\",\"status\":0,\"value\":{}}"
[debug] &amp#27;[35m[W3C (a181b1dd)]&amp#27;[39m Responding to client with driver.getSession() result: {"platform":"LINUX","webStorageEnabled":false,"takesScreenshot":true,"javascriptEnabled":true,"databaseEnabled":false,"networkConnectionEnabled":true,"locationContextEnabled":false,"warnings":{},"desired":{"platformName":"android","app":"E:\\java_workspace\\AppiumFrameworkU\\src\\General-Store.apk","automationName":"UiAutomator2","deviceName":"emulator-5554","newCommandTimeout":100},"platformName":"android","app":"E:\\java_workspace\\AppiumFrameworkU\\src\\General-Store.apk","automationName":"UiAutomator2","deviceName":"emulator-5554","newCommandTimeout":100,"deviceUDID":"emulator-5554","appPackage":"com.androidsample.generalstore","deviceApiLevel":28,"platformVersion":"9","deviceScreenSize":"1440x2960","deviceScreenDensity":560,"deviceModel":"AOSP on IA Emulator","deviceManufacturer":"Google","pixelRatio":3.5,"statBarHeight":172,"viewportRect":{"left":0,"top":172,"width":1440,"height":2449}}
&amp#27;[35m[HTTP]&amp#27;[39m &amp#27;[37m<-- GET /wd/hub/session/a181b1dd-561d-4252-a364-a7797f8723ac &amp#27;[39m&amp#27;[32m200&amp#27;[39m &amp#27;[90m28 ms - 915&amp#27;[39m
&amp#27;[35m[HTTP]&amp#27;[39m &amp#27;[90m&amp#27;[39m
&amp#27;[35m[HTTP]&amp#27;[39m &amp#27;[37m-->&amp#27;[39m &amp#27;[37mPOST&amp#27;[39m &amp#27;[37m/wd/hub/session/a181b1dd-561d-4252-a364-a7797f8723ac/element&amp#27;[39m
&amp#27;[35m[HTTP]&amp#27;[39m &amp#27;[90m{"using":"id","value":"android:id/text1"}&amp#27;[39m
[debug] &amp#27;[35m[W3C (a181b1dd)]&amp#27;[39m Calling AppiumDriver.findElement() with args: ["id","android:id/text1","a181b1dd-561d-4252-a364-a7797f8723ac"]
[debug] &amp#27;[35m[BaseDriver]&amp#27;[39m Valid locator strategies for this request: xpath, id, class name, accessibility id, -android uiautomator
[debug] &amp#27;[35m[BaseDriver]&amp#27;[39m Waiting up to 5000000 ms for condition
[debug] &amp#27;[35m[WD Proxy]&amp#27;[39m Matched '/element' to command name 'findElement'
[debug] &amp#27;[35m[WD Proxy]&amp#27;[39m Proxying [POST /element] to [POST http://localhost:8200/wd/hub/session/8481669f-3b60-45ca-abe1-62cc6f4c3086/element] with body: {"strategy":"id","selector":"android:id/text1","context":"","multiple":false}
[debug] &amp#27;[35m[WD Proxy]&amp#27;[39m Got response with status 200: {"sessionId":"8481669f-3b60-45ca-abe1-62cc6f4c3086","status":0,"value":{"ELEMENT":"322978b6-8af7-4b5f-9ad8-96b97571a0f0"}}
[debug] &amp#27;[35m[W3C (a181b1dd)]&amp#27;[39m Responding to client with driver.findElement() result: {"element-6066-11e4-a52e-4f735466cecf":"322978b6-8af7-4b5f-9ad8-96b97571a0f0","ELEMENT":"322978b6-8af7-4b5f-9ad8-96b97571a0f0"}
&amp#27;[35m[HTTP]&amp#27;[39m &amp#27;[37m<-- POST /wd/hub/session/a181b1dd-561d-4252-a364-a7797f8723ac/element &amp#27;[39m&amp#27;[32m200&amp#27;[39m &amp#27;[90m560 ms - 137&amp#27;[39m
&amp#27;[35m[HTTP]&amp#27;[39m &amp#27;[90m&amp#27;[39m
&amp#27;[35m[HTTP]&amp#27;[39m &amp#27;[37m-->&amp#27;[39m &amp#27;[37mPOST&amp#27;[39m &amp#27;[37m/wd/hub/session/a181b1dd-561d-4252-a364-a7797f8723ac/element/322978b6-8af7-4b5f-9ad8-96b97571a0f0/click&amp#27;[39m
&amp#27;[35m[HTTP]&amp#27;[39m &amp#27;[90m{"id":"322978b6-8af7-4b5f-9ad8-96b97571a0f0"}&amp#27;[39m
[debug] &amp#27;[35m[W3C (a181b1dd)]&amp#27;[39m Calling AppiumDriver.click() with args: ["322978b6-8af7-4b5f-9ad8-96b97571a0f0","a181b1dd-561d-4252-a364-a7797f8723ac"]
[debug] &amp#27;[35m[WD Proxy]&amp#27;[39m Matched '/element/322978b6-8af7-4b5f-9ad8-96b97571a0f0/click' to command name 'click'
[debug] &amp#27;[35m[WD Proxy]&amp#27;[39m Proxying [POST /element/322978b6-8af7-4b5f-9ad8-96b97571a0f0/click] to [POST http://localhost:8200/wd/hub/session/8481669f-3b60-45ca-abe1-62cc6f4c3086/element/322978b6-8af7-4b5f-9ad8-96b97571a0f0/click] with body: {"element":"322978b6-8af7-4b5f-9ad8-96b97571a0f0"}
[debug] &amp#27;[35m[WD Proxy]&amp#27;[39m Got response with status 200: {"sessionId":"8481669f-3b60-45ca-abe1-62cc6f4c3086","status":0,"value":true}
[debug] &amp#27;[35m[W3C (a181b1dd)]&amp#27;[39m Responding to client with driver.click() result: true
&amp#27;[35m[HTTP]&amp#27;[39m &amp#27;[37m<-- POST /wd/hub/session/a181b1dd-561d-4252-a364-a7797f8723ac/element/322978b6-8af7-4b5f-9ad8-96b97571a0f0/click &amp#27;[39m&amp#27;[32m200&amp#27;[39m &amp#27;[90m45 ms - 14&amp#27;[39m
&amp#27;[35m[HTTP]&amp#27;[39m &amp#27;[90m&amp#27;[39m
&amp#27;[35m[HTTP]&amp#27;[39m &amp#27;[37m-->&amp#27;[39m &amp#27;[37mPOST&amp#27;[39m &amp#27;[37m/wd/hub/session/a181b1dd-561d-4252-a364-a7797f8723ac/element&amp#27;[39m
&amp#27;[35m[HTTP]&amp#27;[39m &amp#27;[90m{"using":"-android uiautomator","value":"new UiScrollable(new UiSelector()).scrollIntoView(text(\"India\"));"}&amp#27;[39m
[debug] &amp#27;[35m[W3C (a181b1dd)]&amp#27;[39m Calling AppiumDriver.findElement() with args: ["-android uiautomator","new UiScrollable(new UiSelector()).scrollIntoView(text(\"India\"));","a181b1dd-561d-4252-a364-a7797f8723ac"]
[debug] &amp#27;[35m[BaseDriver]&amp#27;[39m Valid locator strategies for this request: xpath, id, class name, accessibility id, -android uiautomator
[debug] &amp#27;[35m[BaseDriver]&amp#27;[39m Waiting up to 5000000 ms for condition
[debug] &amp#27;[35m[WD Proxy]&amp#27;[39m Matched '/element' to command name 'findElement'
[debug] &amp#27;[35m[WD Proxy]&amp#27;[39m Proxying [POST /element] to [POST http://localhost:8200/wd/hub/session/8481669f-3b60-45ca-abe1-62cc6f4c3086/element] with body: {"strategy":"-android uiautomator","selector":"new UiScrollable(new UiSelector()).scrollIntoView(text(\"India\"));","context":"","multiple":false}
[debug] &amp#27;[35m[WD Proxy]&amp#27;[39m Got response with status 200: {"sessionId":"8481669f-3b60-45ca-abe1-62cc6f4c3086","status":0,"value":{"ELEMENT":"fab8e30b-c935-4d3f-9d07-9b99ef99dd8c"}}
[debug] &amp#27;[35m[W3C (a181b1dd)]&amp#27;[39m Responding to client with driver.findElement() result: {"element-6066-11e4-a52e-4f735466cecf":"fab8e30b-c935-4d3f-9d07-9b99ef99dd8c","ELEMENT":"fab8e30b-c935-4d3f-9d07-9b99ef99dd8c"}
&amp#27;[35m[HTTP]&amp#27;[39m &amp#27;[37m<-- POST /wd/hub/session/a181b1dd-561d-4252-a364-a7797f8723ac/element &amp#27;[39m&amp#27;[32m200&amp#27;[39m &amp#27;[90m30629 ms - 137&amp#27;[39m
&amp#27;[35m[HTTP]&amp#27;[39m &amp#27;[90m&amp#27;[39m
&amp#27;[35m[HTTP]&amp#27;[39m &amp#27;[37m-->&amp#27;[39m &amp#27;[37mPOST&amp#27;[39m &amp#27;[37m/wd/hub/session/a181b1dd-561d-4252-a364-a7797f8723ac/element&amp#27;[39m
&amp#27;[35m[HTTP]&amp#27;[39m &amp#27;[90m{"using":"xpath","value":"//android.widget.TextView[@text='India']"}&amp#27;[39m
[debug] &amp#27;[35m[W3C (a181b1dd)]&amp#27;[39m Calling AppiumDriver.findElement() with args: ["xpath","//android.widget.TextView[@text='India']","a181b1dd-561d-4252-a364-a7797f8723ac"]
[debug] &amp#27;[35m[BaseDriver]&amp#27;[39m Valid locator strategies for this request: xpath, id, class name, accessibility id, -android uiautomator
[debug] &amp#27;[35m[BaseDriver]&amp#27;[39m Waiting up to 5000000 ms for condition
[debug] &amp#27;[35m[WD Proxy]&amp#27;[39m Matched '/element' to command name 'findElement'
[debug] &amp#27;[35m[WD Proxy]&amp#27;[39m Proxying [POST /element] to [POST http://localhost:8200/wd/hub/session/8481669f-3b60-45ca-abe1-62cc6f4c3086/element] with body: {"strategy":"xpath","selector":"//android.widget.TextView[@text='India']","context":"","multiple":false}
[debug] &amp#27;[35m[WD Proxy]&amp#27;[39m Got response with status 200: {"sessionId":"8481669f-3b60-45ca-abe1-62cc6f4c3086","status":0,"value":{"ELEMENT":"722f5d22-b0e2-4484-8f9c-bbac85fa1da7"}}
[debug] &amp#27;[35m[W3C (a181b1dd)]&amp#27;[39m Responding to client with driver.findElement() result: {"element-6066-11e4-a52e-4f735466cecf":"722f5d22-b0e2-4484-8f9c-bbac85fa1da7","ELEMENT":"722f5d22-b0e2-4484-8f9c-bbac85fa1da7"}
&amp#27;[35m[HTTP]&amp#27;[39m &amp#27;[37m<-- POST /wd/hub/session/a181b1dd-561d-4252-a364-a7797f8723ac/element &amp#27;[39m&amp#27;[32m200&amp#27;[39m &amp#27;[90m210 ms - 137&amp#27;[39m
&amp#27;[35m[HTTP]&amp#27;[39m &amp#27;[90m&amp#27;[39m
&amp#27;[35m[HTTP]&amp#27;[39m &amp#27;[37m-->&amp#27;[39m &amp#27;[37mPOST&amp#27;[39m &amp#27;[37m/wd/hub/session/a181b1dd-561d-4252-a364-a7797f8723ac/element/722f5d22-b0e2-4484-8f9c-bbac85fa1da7/click&amp#27;[39m
&amp#27;[35m[HTTP]&amp#27;[39m &amp#27;[90m{"id":"722f5d22-b0e2-4484-8f9c-bbac85fa1da7"}&amp#27;[39m
[debug] &amp#27;[35m[W3C (a181b1dd)]&amp#27;[39m Calling AppiumDriver.click() with args: ["722f5d22-b0e2-4484-8f9c-bbac85fa1da7","a181b1dd-561d-4252-a364-a7797f8723ac"]
[debug] &amp#27;[35m[WD Proxy]&amp#27;[39m Matched '/element/722f5d22-b0e2-4484-8f9c-bbac85fa1da7/click' to command name 'click'
[debug] &amp#27;[35m[WD Proxy]&amp#27;[39m Proxying [POST /element/722f5d22-b0e2-4484-8f9c-bbac85fa1da7/click] to [POST http://localhost:8200/wd/hub/session/8481669f-3b60-45ca-abe1-62cc6f4c3086/element/722f5d22-b0e2-4484-8f9c-bbac85fa1da7/click] with body: {"element":"722f5d22-b0e2-4484-8f9c-bbac85fa1da7"}
[debug] &amp#27;[35m[WD Proxy]&amp#27;[39m Got response with status 200: {"sessionId":"8481669f-3b60-45ca-abe1-62cc6f4c3086","status":0,"value":true}
[debug] &amp#27;[35m[W3C (a181b1dd)]&amp#27;[39m Responding to client with driver.click() result: true
Tap on LetsShop BTN
&amp#27;[35m[HTTP]&amp#27;[39m &amp#27;[37m<-- POST /wd/hub/session/a181b1dd-561d-4252-a364-a7797f8723ac/element/722f5d22-b0e2-4484-8f9c-bbac85fa1da7/click &amp#27;[39m&amp#27;[32m200&amp#27;[39m &amp#27;[90m38 ms - 14&amp#27;[39m
&amp#27;[35m[HTTP]&amp#27;[39m &amp#27;[90m&amp#27;[39m
&amp#27;[35m[HTTP]&amp#27;[39m &amp#27;[37m-->&amp#27;[39m &amp#27;[37mGET&amp#27;[39m &amp#27;[37m/wd/hub/session/a181b1dd-561d-4252-a364-a7797f8723ac&amp#27;[39m
&amp#27;[35m[HTTP]&amp#27;[39m &amp#27;[90m{}&amp#27;[39m
[debug] &amp#27;[35m[W3C (a181b1dd)]&amp#27;[39m Calling AppiumDriver.getSession() with args: ["a181b1dd-561d-4252-a364-a7797f8723ac"]
[debug] &amp#27;[35m[UiAutomator2]&amp#27;[39m Getting session details from server to mix in
[debug] &amp#27;[35m[WD Proxy]&amp#27;[39m Matched '/' to command name 'getSession'
[debug] &amp#27;[35m[WD Proxy]&amp#27;[39m Proxying [GET /] to [GET http://localhost:8200/wd/hub/session/8481669f-3b60-45ca-abe1-62cc6f4c3086] with body: {}
[debug] &amp#27;[35m[WD Proxy]&amp#27;[39m Got response with status 200: "{\"sessionId\":\"8481669f-3b60-45ca-abe1-62cc6f4c3086\",\"status\":0,\"value\":{}}"
[debug] &amp#27;[35m[W3C (a181b1dd)]&amp#27;[39m Responding to client with driver.getSession() result: {"platform":"LINUX","webStorageEnabled":false,"takesScreenshot":true,"javascriptEnabled":true,"databaseEnabled":false,"networkConnectionEnabled":true,"locationContextEnabled":false,"warnings":{},"desired":{"platformName":"android","app":"E:\\java_workspace\\AppiumFrameworkU\\src\\General-Store.apk","automationName":"UiAutomator2","deviceName":"emulator-5554","newCommandTimeout":100},"platformName":"android","app":"E:\\java_workspace\\AppiumFrameworkU\\src\\General-Store.apk","automationName":"UiAutomator2","deviceName":"emulator-5554","newCommandTimeout":100,"deviceUDID":"emulator-5554","appPackage":"com.androidsample.generalstore","deviceApiLevel":28,"platformVersion":"9","deviceScreenSize":"1440x2960","deviceScreenDensity":560,"deviceModel":"AOSP on IA Emulator","deviceManufacturer":"Google","pixelRatio":3.5,"statBarHeight":172,"viewportRect":{"left":0,"top":172,"width":1440,"height":2449}}
&amp#27;[35m[HTTP]&amp#27;[39m &amp#27;[37m<-- GET /wd/hub/session/a181b1dd-561d-4252-a364-a7797f8723ac &amp#27;[39m&amp#27;[32m200&amp#27;[39m &amp#27;[90m26 ms - 915&amp#27;[39m
&amp#27;[35m[HTTP]&amp#27;[39m &amp#27;[90m&amp#27;[39m
&amp#27;[35m[HTTP]&amp#27;[39m &amp#27;[37m-->&amp#27;[39m &amp#27;[37mPOST&amp#27;[39m &amp#27;[37m/wd/hub/session/a181b1dd-561d-4252-a364-a7797f8723ac/element&amp#27;[39m
&amp#27;[35m[HTTP]&amp#27;[39m &amp#27;[90m{"using":"id","value":"com.androidsample.generalstore:id/btnLetsShop"}&amp#27;[39m
[debug] &amp#27;[35m[W3C (a181b1dd)]&amp#27;[39m Calling AppiumDriver.findElement() with args: ["id","com.androidsample.generalstore:id/btnLetsShop","a181b1dd-561d-4252-a364-a7797f8723ac"]
[debug] &amp#27;[35m[BaseDriver]&amp#27;[39m Valid locator strategies for this request: xpath, id, class name, accessibility id, -android uiautomator
[debug] &amp#27;[35m[BaseDriver]&amp#27;[39m Waiting up to 5000000 ms for condition
[debug] &amp#27;[35m[WD Proxy]&amp#27;[39m Matched '/element' to command name 'findElement'
[debug] &amp#27;[35m[WD Proxy]&amp#27;[39m Proxying [POST /element] to [POST http://localhost:8200/wd/hub/session/8481669f-3b60-45ca-abe1-62cc6f4c3086/element] with body: {"strategy":"id","selector":"com.androidsample.generalstore:id/btnLetsShop","context":"","multiple":false}
[debug] &amp#27;[35m[WD Proxy]&amp#27;[39m Got response with status 200: {"sessionId":"8481669f-3b60-45ca-abe1-62cc6f4c3086","status":0,"value":{"ELEMENT":"45dc9953-6036-4413-917f-e7d9af1cf9da"}}
[debug] &amp#27;[35m[W3C (a181b1dd)]&amp#27;[39m Responding to client with driver.findElement() result: {"element-6066-11e4-a52e-4f735466cecf":"45dc9953-6036-4413-917f-e7d9af1cf9da","ELEMENT":"45dc9953-6036-4413-917f-e7d9af1cf9da"}
&amp#27;[35m[HTTP]&amp#27;[39m &amp#27;[37m<-- POST /wd/hub/session/a181b1dd-561d-4252-a364-a7797f8723ac/element &amp#27;[39m&amp#27;[32m200&amp#27;[39m &amp#27;[90m622 ms - 137&amp#27;[39m
&amp#27;[35m[HTTP]&amp#27;[39m &amp#27;[90m&amp#27;[39m
&amp#27;[35m[HTTP]&amp#27;[39m &amp#27;[37m-->&amp#27;[39m &amp#27;[37mPOST&amp#27;[39m &amp#27;[37m/wd/hub/session/a181b1dd-561d-4252-a364-a7797f8723ac/element/45dc9953-6036-4413-917f-e7d9af1cf9da/click&amp#27;[39m
&amp#27;[35m[HTTP]&amp#27;[39m &amp#27;[90m{"id":"45dc9953-6036-4413-917f-e7d9af1cf9da"}&amp#27;[39m
[debug] &amp#27;[35m[W3C (a181b1dd)]&amp#27;[39m Calling AppiumDriver.click() with args: ["45dc9953-6036-4413-917f-e7d9af1cf9da","a181b1dd-561d-4252-a364-a7797f8723ac"]
[debug] &amp#27;[35m[WD Proxy]&amp#27;[39m Matched '/element/45dc9953-6036-4413-917f-e7d9af1cf9da/click' to command name 'click'
[debug] &amp#27;[35m[WD Proxy]&amp#27;[39m Proxying [POST /element/45dc9953-6036-4413-917f-e7d9af1cf9da/click] to [POST http://localhost:8200/wd/hub/session/8481669f-3b60-45ca-abe1-62cc6f4c3086/element/45dc9953-6036-4413-917f-e7d9af1cf9da/click] with body: {"element":"45dc9953-6036-4413-917f-e7d9af1cf9da"}
[debug] &amp#27;[35m[WD Proxy]&amp#27;[39m Got response with status 200: {"sessionId":"8481669f-3b60-45ca-abe1-62cc6f4c3086","status":0,"value":true}
[debug] &amp#27;[35m[W3C (a181b1dd)]&amp#27;[39m Responding to client with driver.click() result: true
&amp#27;[35m[HTTP]&amp#27;[39m &amp#27;[37m<-- POST /wd/hub/session/a181b1dd-561d-4252-a364-a7797f8723ac/element/45dc9953-6036-4413-917f-e7d9af1cf9da/click &amp#27;[39m&amp#27;[32m200&amp#27;[39m &amp#27;[90m46 ms - 14&amp#27;[39m
&amp#27;[35m[HTTP]&amp#27;[39m &amp#27;[90m&amp#27;[39m
&amp#27;[35m[HTTP]&amp#27;[39m &amp#27;[37m-->&amp#27;[39m &amp#27;[37mGET&amp#27;[39m &amp#27;[37m/wd/hub/session/a181b1dd-561d-4252-a364-a7797f8723ac&amp#27;[39m
&amp#27;[35m[HTTP]&amp#27;[39m &amp#27;[90m{}&amp#27;[39m
[debug] &amp#27;[35m[W3C (a181b1dd)]&amp#27;[39m Calling AppiumDriver.getSession() with args: ["a181b1dd-561d-4252-a364-a7797f8723ac"]
[debug] &amp#27;[35m[UiAutomator2]&amp#27;[39m Getting session details from server to mix in
[debug] &amp#27;[35m[WD Proxy]&amp#27;[39m Matched '/' to command name 'getSession'
[debug] &amp#27;[35m[WD Proxy]&amp#27;[39m Proxying [GET /] to [GET http://localhost:8200/wd/hub/session/8481669f-3b60-45ca-abe1-62cc6f4c3086] with body: {}
[debug] &amp#27;[35m[WD Proxy]&amp#27;[39m Got response with status 200: "{\"sessionId\":\"8481669f-3b60-45ca-abe1-62cc6f4c3086\",\"status\":0,\"value\":{}}"
[debug] &amp#27;[35m[W3C (a181b1dd)]&amp#27;[39m Responding to client with driver.getSession() result: {"platform":"LINUX","webStorageEnabled":false,"takesScreenshot":true,"javascriptEnabled":true,"databaseEnabled":false,"networkConnectionEnabled":true,"locationContextEnabled":false,"warnings":{},"desired":{"platformName":"android","app":"E:\\java_workspace\\AppiumFrameworkU\\src\\General-Store.apk","automationName":"UiAutomator2","deviceName":"emulator-5554","newCommandTimeout":100},"platformName":"android","app":"E:\\java_workspace\\AppiumFrameworkU\\src\\General-Store.apk","automationName":"UiAutomator2","deviceName":"emulator-5554","newCommandTimeout":100,"deviceUDID":"emulator-5554","appPackage":"com.androidsample.generalstore","deviceApiLevel":28,"platformVersion":"9","deviceScreenSize":"1440x2960","deviceScreenDensity":560,"deviceModel":"AOSP on IA Emulator","deviceManufacturer":"Google","pixelRatio":3.5,"statBarHeight":172,"viewportRect":{"left":0,"top":172,"width":1440,"height":2449}}
&amp#27;[35m[HTTP]&amp#27;[39m &amp#27;[37m<-- GET /wd/hub/session/a181b1dd-561d-4252-a364-a7797f8723ac &amp#27;[39m&amp#27;[32m200&amp#27;[39m &amp#27;[90m35 ms - 915&amp#27;[39m
&amp#27;[35m[HTTP]&amp#27;[39m &amp#27;[90m&amp#27;[39m
&amp#27;[35m[HTTP]&amp#27;[39m &amp#27;[37m-->&amp#27;[39m &amp#27;[37mGET&amp#27;[39m &amp#27;[37m/wd/hub/session/a181b1dd-561d-4252-a364-a7797f8723ac&amp#27;[39m
&amp#27;[35m[HTTP]&amp#27;[39m &amp#27;[90m{}&amp#27;[39m
[debug] &amp#27;[35m[W3C (a181b1dd)]&amp#27;[39m Calling AppiumDriver.getSession() with args: ["a181b1dd-561d-4252-a364-a7797f8723ac"]
[debug] &amp#27;[35m[UiAutomator2]&amp#27;[39m Getting session details from server to mix in
[debug] &amp#27;[35m[WD Proxy]&amp#27;[39m Matched '/' to command name 'getSession'
[debug] &amp#27;[35m[WD Proxy]&amp#27;[39m Proxying [GET /] to [GET http://localhost:8200/wd/hub/session/8481669f-3b60-45ca-abe1-62cc6f4c3086] with body: {}
[debug] &amp#27;[35m[WD Proxy]&amp#27;[39m Got response with status 200: "{\"sessionId\":\"8481669f-3b60-45ca-abe1-62cc6f4c3086\",\"status\":0,\"value\":{}}"
[debug] &amp#27;[35m[W3C (a181b1dd)]&amp#27;[39m Responding to client with driver.getSession() result: {"platform":"LINUX","webStorageEnabled":false,"takesScreenshot":true,"javascriptEnabled":true,"databaseEnabled":false,"networkConnectionEnabled":true,"locationContextEnabled":false,"warnings":{},"desired":{"platformName":"android","app":"E:\\java_workspace\\AppiumFrameworkU\\src\\General-Store.apk","automationName":"UiAutomator2","deviceName":"emulator-5554","newCommandTimeout":100},"platformName":"android","app":"E:\\java_workspace\\AppiumFrameworkU\\src\\General-Store.apk","automationName":"UiAutomator2","deviceName":"emulator-5554","newCommandTimeout":100,"deviceUDID":"emulator-5554","appPackage":"com.androidsample.generalstore","deviceApiLevel":28,"platformVersion":"9","deviceScreenSize":"1440x2960","deviceScreenDensity":560,"deviceModel":"AOSP on IA Emulator","deviceManufacturer":"Google","pixelRatio":3.5,"statBarHeight":172,"viewportRect":{"left":0,"top":172,"width":1440,"height":2449}}
&amp#27;[35m[HTTP]&amp#27;[39m &amp#27;[37m<-- GET /wd/hub/session/a181b1dd-561d-4252-a364-a7797f8723ac &amp#27;[39m&amp#27;[32m200&amp#27;[39m &amp#27;[90m45 ms - 915&amp#27;[39m
&amp#27;[35m[HTTP]&amp#27;[39m &amp#27;[90m&amp#27;[39m
Finding List of  Add To Cart BTNs
&amp#27;[35m[HTTP]&amp#27;[39m &amp#27;[37m-->&amp#27;[39m &amp#27;[37mGET&amp#27;[39m &amp#27;[37m/wd/hub/session/a181b1dd-561d-4252-a364-a7797f8723ac&amp#27;[39m
&amp#27;[35m[HTTP]&amp#27;[39m &amp#27;[90m{}&amp#27;[39m
[debug] &amp#27;[35m[W3C (a181b1dd)]&amp#27;[39m Calling AppiumDriver.getSession() with args: ["a181b1dd-561d-4252-a364-a7797f8723ac"]
[debug] &amp#27;[35m[UiAutomator2]&amp#27;[39m Getting session details from server to mix in
[debug] &amp#27;[35m[WD Proxy]&amp#27;[39m Matched '/' to command name 'getSession'
[debug] &amp#27;[35m[WD Proxy]&amp#27;[39m Proxying [GET /] to [GET http://localhost:8200/wd/hub/session/8481669f-3b60-45ca-abe1-62cc6f4c3086] with body: {}
[debug] &amp#27;[35m[WD Proxy]&amp#27;[39m Got response with status 200: "{\"sessionId\":\"8481669f-3b60-45ca-abe1-62cc6f4c3086\",\"status\":0,\"value\":{}}"
[debug] &amp#27;[35m[W3C (a181b1dd)]&amp#27;[39m Responding to client with driver.getSession() result: {"platform":"LINUX","webStorageEnabled":false,"takesScreenshot":true,"javascriptEnabled":true,"databaseEnabled":false,"networkConnectionEnabled":true,"locationContextEnabled":false,"warnings":{},"desired":{"platformName":"android","app":"E:\\java_workspace\\AppiumFrameworkU\\src\\General-Store.apk","automationName":"UiAutomator2","deviceName":"emulator-5554","newCommandTimeout":100},"platformName":"android","app":"E:\\java_workspace\\AppiumFrameworkU\\src\\General-Store.apk","automationName":"UiAutomator2","deviceName":"emulator-5554","newCommandTimeout":100,"deviceUDID":"emulator-5554","appPackage":"com.androidsample.generalstore","deviceApiLevel":28,"platformVersion":"9","deviceScreenSize":"1440x2960","deviceScreenDensity":560,"deviceModel":"AOSP on IA Emulator","deviceManufacturer":"Google","pixelRatio":3.5,"statBarHeight":172,"viewportRect":{"left":0,"top":172,"width":1440,"height":2449}}
&amp#27;[35m[HTTP]&amp#27;[39m &amp#27;[37m<-- GET /wd/hub/session/a181b1dd-561d-4252-a364-a7797f8723ac &amp#27;[39m&amp#27;[32m200&amp#27;[39m &amp#27;[90m33 ms - 915&amp#27;[39m
&amp#27;[35m[HTTP]&amp#27;[39m &amp#27;[90m&amp#27;[39m
&amp#27;[35m[HTTP]&amp#27;[39m &amp#27;[37m-->&amp#27;[39m &amp#27;[37mPOST&amp#27;[39m &amp#27;[37m/wd/hub/session/a181b1dd-561d-4252-a364-a7797f8723ac/elements&amp#27;[39m
&amp#27;[35m[HTTP]&amp#27;[39m &amp#27;[90m{"using":"xpath","value":"//*[@text='ADD TO CART']"}&amp#27;[39m
[debug] &amp#27;[35m[W3C (a181b1dd)]&amp#27;[39m Calling AppiumDriver.findElements() with args: ["xpath","//*[@text='ADD TO CART']","a181b1dd-561d-4252-a364-a7797f8723ac"]
[debug] &amp#27;[35m[BaseDriver]&amp#27;[39m Valid locator strategies for this request: xpath, id, class name, accessibility id, -android uiautomator
[debug] &amp#27;[35m[BaseDriver]&amp#27;[39m Waiting up to 5000000 ms for condition
[debug] &amp#27;[35m[WD Proxy]&amp#27;[39m Matched '/elements' to command name 'findElements'
[debug] &amp#27;[35m[WD Proxy]&amp#27;[39m Proxying [POST /elements] to [POST http://localhost:8200/wd/hub/session/8481669f-3b60-45ca-abe1-62cc6f4c3086/elements] with body: {"strategy":"xpath","selector":"//*[@text='ADD TO CART']","context":"","multiple":true}
[debug] &amp#27;[35m[WD Proxy]&amp#27;[39m Got response with status 200: {"sessionId":"8481669f-3b60-45ca-abe1-62cc6f4c3086","status":0,"value":[{"ELEMENT":"a99ee118-1b80-496a-8338-0e70b56a8c6f"},{"ELEMENT":"11524cd1-8b35-40c2-b517-626aede9235a"}]}
[debug] &amp#27;[35m[W3C (a181b1dd)]&amp#27;[39m Responding to client with driver.findElements() result: [{"element-6066-11e4-a52e-4f735466cecf":"a99ee118-1b80-496a-8338-0e70b56a8c6f","ELEMENT":"a99ee118-1b80-496a-8338-0e70b56a8c6f"},{"element-6066-11e4-a52e-4f735466cecf":"11524cd1-8b35-40c2-b517-626aede9235a","ELEMENT":"11524cd1-8b35-40c2-b517-626aede9235a"}]
&amp#27;[35m[HTTP]&amp#27;[39m &amp#27;[37m<-- POST /wd/hub/session/a181b1dd-561d-4252-a364-a7797f8723ac/elements &amp#27;[39m&amp#27;[32m200&amp#27;[39m &amp#27;[90m1922 ms - 267&amp#27;[39m
&amp#27;[35m[HTTP]&amp#27;[39m &amp#27;[90m&amp#27;[39m
&amp#27;[35m[HTTP]&amp#27;[39m &amp#27;[37m-->&amp#27;[39m &amp#27;[37mPOST&amp#27;[39m &amp#27;[37m/wd/hub/session/a181b1dd-561d-4252-a364-a7797f8723ac/element/a99ee118-1b80-496a-8338-0e70b56a8c6f/click&amp#27;[39m
&amp#27;[35m[HTTP]&amp#27;[39m &amp#27;[90m{"id":"a99ee118-1b80-496a-8338-0e70b56a8c6f"}&amp#27;[39m
[debug] &amp#27;[35m[W3C (a181b1dd)]&amp#27;[39m Calling AppiumDriver.click() with args: ["a99ee118-1b80-496a-8338-0e70b56a8c6f","a181b1dd-561d-4252-a364-a7797f8723ac"]
[debug] &amp#27;[35m[WD Proxy]&amp#27;[39m Matched '/element/a99ee118-1b80-496a-8338-0e70b56a8c6f/click' to command name 'click'
[debug] &amp#27;[35m[WD Proxy]&amp#27;[39m Proxying [POST /element/a99ee118-1b80-496a-8338-0e70b56a8c6f/click] to [POST http://localhost:8200/wd/hub/session/8481669f-3b60-45ca-abe1-62cc6f4c3086/element/a99ee118-1b80-496a-8338-0e70b56a8c6f/click] with body: {"element":"a99ee118-1b80-496a-8338-0e70b56a8c6f"}
[debug] &amp#27;[35m[WD Proxy]&amp#27;[39m Got response with status 200: {"sessionId":"8481669f-3b60-45ca-abe1-62cc6f4c3086","status":0,"value":true}
[debug] &amp#27;[35m[W3C (a181b1dd)]&amp#27;[39m Responding to client with driver.click() result: true
Finding List of  Add To Cart BTNs
&amp#27;[35m[HTTP]&amp#27;[39m &amp#27;[37m<-- POST /wd/hub/session/a181b1dd-561d-4252-a364-a7797f8723ac/element/a99ee118-1b80-496a-8338-0e70b56a8c6f/click &amp#27;[39m&amp#27;[32m200&amp#27;[39m &amp#27;[90m67 ms - 14&amp#27;[39m
&amp#27;[35m[HTTP]&amp#27;[39m &amp#27;[90m&amp#27;[39m
&amp#27;[35m[HTTP]&amp#27;[39m &amp#27;[37m-->&amp#27;[39m &amp#27;[37mGET&amp#27;[39m &amp#27;[37m/wd/hub/session/a181b1dd-561d-4252-a364-a7797f8723ac&amp#27;[39m
&amp#27;[35m[HTTP]&amp#27;[39m &amp#27;[90m{}&amp#27;[39m
[debug] &amp#27;[35m[W3C (a181b1dd)]&amp#27;[39m Calling AppiumDriver.getSession() with args: ["a181b1dd-561d-4252-a364-a7797f8723ac"]
[debug] &amp#27;[35m[UiAutomator2]&amp#27;[39m Getting session details from server to mix in
[debug] &amp#27;[35m[WD Proxy]&amp#27;[39m Matched '/' to command name 'getSession'
[debug] &amp#27;[35m[WD Proxy]&amp#27;[39m Proxying [GET /] to [GET http://localhost:8200/wd/hub/session/8481669f-3b60-45ca-abe1-62cc6f4c3086] with body: {}
[debug] &amp#27;[35m[WD Proxy]&amp#27;[39m Got response with status 200: "{\"sessionId\":\"8481669f-3b60-45ca-abe1-62cc6f4c3086\",\"status\":0,\"value\":{}}"
[debug] &amp#27;[35m[W3C (a181b1dd)]&amp#27;[39m Responding to client with driver.getSession() result: {"platform":"LINUX","webStorageEnabled":false,"takesScreenshot":true,"javascriptEnabled":true,"databaseEnabled":false,"networkConnectionEnabled":true,"locationContextEnabled":false,"warnings":{},"desired":{"platformName":"android","app":"E:\\java_workspace\\AppiumFrameworkU\\src\\General-Store.apk","automationName":"UiAutomator2","deviceName":"emulator-5554","newCommandTimeout":100},"platformName":"android","app":"E:\\java_workspace\\AppiumFrameworkU\\src\\General-Store.apk","automationName":"UiAutomator2","deviceName":"emulator-5554","newCommandTimeout":100,"deviceUDID":"emulator-5554","appPackage":"com.androidsample.generalstore","deviceApiLevel":28,"platformVersion":"9","deviceScreenSize":"1440x2960","deviceScreenDensity":560,"deviceModel":"AOSP on IA Emulator","deviceManufacturer":"Google","pixelRatio":3.5,"statBarHeight":172,"viewportRect":{"left":0,"top":172,"width":1440,"height":2449}}
&amp#27;[35m[HTTP]&amp#27;[39m &amp#27;[37m<-- GET /wd/hub/session/a181b1dd-561d-4252-a364-a7797f8723ac &amp#27;[39m&amp#27;[32m200&amp#27;[39m &amp#27;[90m24 ms - 915&amp#27;[39m
&amp#27;[35m[HTTP]&amp#27;[39m &amp#27;[90m&amp#27;[39m
&amp#27;[35m[HTTP]&amp#27;[39m &amp#27;[37m-->&amp#27;[39m &amp#27;[37mPOST&amp#27;[39m &amp#27;[37m/wd/hub/session/a181b1dd-561d-4252-a364-a7797f8723ac/elements&amp#27;[39m
&amp#27;[35m[HTTP]&amp#27;[39m &amp#27;[90m{"using":"xpath","value":"//*[@text='ADD TO CART']"}&amp#27;[39m
[debug] &amp#27;[35m[W3C (a181b1dd)]&amp#27;[39m Calling AppiumDriver.findElements() with args: ["xpath","//*[@text='ADD TO CART']","a181b1dd-561d-4252-a364-a7797f8723ac"]
[debug] &amp#27;[35m[BaseDriver]&amp#27;[39m Valid locator strategies for this request: xpath, id, class name, accessibility id, -android uiautomator
[debug] &amp#27;[35m[BaseDriver]&amp#27;[39m Waiting up to 5000000 ms for condition
[debug] &amp#27;[35m[WD Proxy]&amp#27;[39m Matched '/elements' to command name 'findElements'
[debug] &amp#27;[35m[WD Proxy]&amp#27;[39m Proxying [POST /elements] to [POST http://localhost:8200/wd/hub/session/8481669f-3b60-45ca-abe1-62cc6f4c3086/elements] with body: {"strategy":"xpath","selector":"//*[@text='ADD TO CART']","context":"","multiple":true}
[debug] &amp#27;[35m[WD Proxy]&amp#27;[39m Got response with status 200: {"sessionId":"8481669f-3b60-45ca-abe1-62cc6f4c3086","status":0,"value":[{"ELEMENT":"88aa16d7-959b-4d4d-8c9d-b261032bfb72"}]}
[debug] &amp#27;[35m[W3C (a181b1dd)]&amp#27;[39m Responding to client with driver.findElements() result: [{"element-6066-11e4-a52e-4f735466cecf":"88aa16d7-959b-4d4d-8c9d-b261032bfb72","ELEMENT":"88aa16d7-959b-4d4d-8c9d-b261032bfb72"}]
&amp#27;[35m[HTTP]&amp#27;[39m &amp#27;[37m<-- POST /wd/hub/session/a181b1dd-561d-4252-a364-a7797f8723ac/elements &amp#27;[39m&amp#27;[32m200&amp#27;[39m &amp#27;[90m666 ms - 139&amp#27;[39m
&amp#27;[35m[HTTP]&amp#27;[39m &amp#27;[90m&amp#27;[39m
&amp#27;[35m[HTTP]&amp#27;[39m &amp#27;[37m-->&amp#27;[39m &amp#27;[37mPOST&amp#27;[39m &amp#27;[37m/wd/hub/session/a181b1dd-561d-4252-a364-a7797f8723ac/element/88aa16d7-959b-4d4d-8c9d-b261032bfb72/click&amp#27;[39m
&amp#27;[35m[HTTP]&amp#27;[39m &amp#27;[90m{"id":"88aa16d7-959b-4d4d-8c9d-b261032bfb72"}&amp#27;[39m
[debug] &amp#27;[35m[W3C (a181b1dd)]&amp#27;[39m Calling AppiumDriver.click() with args: ["88aa16d7-959b-4d4d-8c9d-b261032bfb72","a181b1dd-561d-4252-a364-a7797f8723ac"]
[debug] &amp#27;[35m[WD Proxy]&amp#27;[39m Matched '/element/88aa16d7-959b-4d4d-8c9d-b261032bfb72/click' to command name 'click'
[debug] &amp#27;[35m[WD Proxy]&amp#27;[39m Proxying [POST /element/88aa16d7-959b-4d4d-8c9d-b261032bfb72/click] to [POST http://localhost:8200/wd/hub/session/8481669f-3b60-45ca-abe1-62cc6f4c3086/element/88aa16d7-959b-4d4d-8c9d-b261032bfb72/click] with body: {"element":"88aa16d7-959b-4d4d-8c9d-b261032bfb72"}
[debug] &amp#27;[35m[WD Proxy]&amp#27;[39m Got response with status 200: {"sessionId":"8481669f-3b60-45ca-abe1-62cc6f4c3086","status":0,"value":true}
[debug] &amp#27;[35m[W3C (a181b1dd)]&amp#27;[39m Responding to client with driver.click() result: true
&amp#27;[35m[HTTP]&amp#27;[39m &amp#27;[37m<-- POST /wd/hub/session/a181b1dd-561d-4252-a364-a7797f8723ac/element/88aa16d7-959b-4d4d-8c9d-b261032bfb72/click &amp#27;[39m&amp#27;[32m200&amp#27;[39m &amp#27;[90m548 ms - 14&amp#27;[39m
&amp#27;[35m[HTTP]&amp#27;[39m &amp#27;[90m&amp#27;[39m
Finding Cart BTN
&amp#27;[35m[HTTP]&amp#27;[39m &amp#27;[37m-->&amp#27;[39m &amp#27;[37mGET&amp#27;[39m &amp#27;[37m/wd/hub/session/a181b1dd-561d-4252-a364-a7797f8723ac&amp#27;[39m
[...]
&amp#27;[35m[HTTP]&amp#27;[39m &amp#27;[90m&amp#27;[39m
&amp#27;[35m[HTTP]&amp#27;[39m &amp#27;[37m-->&amp#27;[39m &amp#27;[37mPOST&amp#27;[39m &amp#27;[37m/wd/hub/session/52652135-1846-41ec-8784-a604df5309f2/elements&amp#27;[39m
&amp#27;[35m[HTTP]&amp#27;[39m &amp#27;[90m{"using":"id","value":"com.androidsample.generalstore:id/productPrice"}&amp#27;[39m
[debug] &amp#27;[35m[W3C (52652135)]&amp#27;[39m Calling AppiumDriver.findElements() with args: ["id","com.androidsample.generalstore:id/productPrice","52652135-1846-41ec-8784-a604df5309f2"]
[debug] &amp#27;[35m[BaseDriver]&amp#27;[39m Valid locator strategies for this request: xpath, id, class name, accessibility id, -android uiautomator
[debug] &amp#27;[35m[BaseDriver]&amp#27;[39m Waiting up to 5000000 ms for condition
[debug] &amp#27;[35m[WD Proxy]&amp#27;[39m Matched '/elements' to command name 'findElements'
[debug] &amp#27;[35m[WD Proxy]&amp#27;[39m Proxying [POST /elements] to [POST http://localhost:8201/wd/hub/session/088c3369-69d2-4213-a4d1-2e44761399a0/elements] with body: {"strategy":"id","selector":"com.androidsample.generalstore:id/productPrice","context":"","multiple":true}
[debug] &amp#27;[35m[WD Proxy]&amp#27;[39m Got response with status 200: {"sessionId":"088c3369-69d2-4213-a4d1-2e44761399a0","status":0,"value":[{"ELEMENT":"3040dccb-baba-4608-81e5-be03bc31c30b"},{"ELEMENT":"10cbe42c-a404-49d8-be70-8c2511a92b2d"}]}
[debug] &amp#27;[35m[W3C (52652135)]&amp#27;[39m Responding to client with driver.findElements() result: [{"element-6066-11e4-a52e-4f735466cecf":"3040dccb-baba-4608-81e5-be03bc31c30b","ELEMENT":"3040dccb-baba-4608-81e5-be03bc31c30b"},{"element-6066-11e4-a52e-4f735466cecf":"10cbe42c-a404-49d8-be70-8c2511a92b2d","ELEMENT":"10cbe42c-a404-49d8-be70-8c2511a92b2d"}]
&amp#27;[35m[HTTP]&amp#27;[39m &amp#27;[37m<-- POST /wd/hub/session/52652135-1846-41ec-8784-a604df5309f2/elements &amp#27;[39m&amp#27;[32m200&amp#27;[39m &amp#27;[90m42 ms - 267&amp#27;[39m
&amp#27;[35m[HTTP]&amp#27;[39m &amp#27;[90m&amp#27;[39m
&amp#27;[35m[HTTP]&amp#27;[39m &amp#27;[37m-->&amp#27;[39m &amp#27;[37mGET&amp#27;[39m &amp#27;[37m/wd/hub/session/52652135-1846-41ec-8784-a604df5309f2/element/3040dccb-baba-4608-81e5-be03bc31c30b/text&amp#27;[39m
&amp#27;[35m[HTTP]&amp#27;[39m &amp#27;[90m{}&amp#27;[39m
&amp#27;[35m[W3C (52652135)]&amp#27;[39m Driver proxy active, passing request on via HTTP proxy
[debug] &amp#27;[35m[WD Proxy]&amp#27;[39m Matched '/wd/hub/session/52652135-1846-41ec-8784-a604df5309f2/element/3040dccb-baba-4608-81e5-be03bc31c30b/text' to command name 'getText'
[debug] &amp#27;[35m[WD Proxy]&amp#27;[39m Proxying [GET /wd/hub/session/52652135-1846-41ec-8784-a604df5309f2/element/3040dccb-baba-4608-81e5-be03bc31c30b/text] to [GET http://localhost:8201/wd/hub/session/088c3369-69d2-4213-a4d1-2e44761399a0/element/3040dccb-baba-4608-81e5-be03bc31c30b/text] with body: {}
[debug] &amp#27;[35m[WD Proxy]&amp#27;[39m Got response with status 200: "{\"sessionId\":\"088c3369-69d2-4213-a4d1-2e44761399a0\",\"status\":0,\"value\":\"$160.97\"}"
&amp#27;[35m[WD Proxy]&amp#27;[39m Replacing sessionId 088c3369-69d2-4213-a4d1-2e44761399a0 with 52652135-1846-41ec-8784-a604df5309f2
&amp#27;[35m[HTTP]&amp#27;[39m &amp#27;[37m<-- GET /wd/hub/session/52652135-1846-41ec-8784-a604df5309f2/element/3040dccb-baba-4608-81e5-be03bc31c30b/text &amp#27;[39m&amp#27;[32m200&amp#27;[39m &amp#27;[90m22 ms - 81&amp#27;[39m
&amp#27;[35m[HTTP]&amp#27;[39m &amp#27;[90m&amp#27;[39m
&amp#27;[35m[HTTP]&amp#27;[39m &amp#27;[37m-->&amp#27;[39m &amp#27;[37mGET&amp#27;[39m &amp#27;[37m/wd/hub/session/52652135-1846-41ec-8784-a604df5309f2&amp#27;[39m
&amp#27;[35m[HTTP]&amp#27;[39m &amp#27;[90m{}&amp#27;[39m
[debug] &amp#27;[35m[W3C (52652135)]&amp#27;[39m Calling AppiumDriver.getSession() with args: ["52652135-1846-41ec-8784-a604df5309f2"]
[debug] &amp#27;[35m[UiAutomator2]&amp#27;[39m Getting session details from server to mix in
[debug] &amp#27;[35m[WD Proxy]&amp#27;[39m Matched '/' to command name 'getSession'
[debug] &amp#27;[35m[WD Proxy]&amp#27;[39m Proxying [GET /] to [GET http://localhost:8201/wd/hub/session/088c3369-69d2-4213-a4d1-2e44761399a0] with body: {}
[debug] &amp#27;[35m[WD Proxy]&amp#27;[39m Got response with status 200: "{\"sessionId\":\"088c3369-69d2-4213-a4d1-2e44761399a0\",\"status\":0,\"value\":{}}"
[debug] &amp#27;[35m[W3C (52652135)]&amp#27;[39m Responding to client with driver.getSession() result: {"platform":"LINUX","webStorageEnabled":false,"takesScreenshot":true,"javascriptEnabled":true,"databaseEnabled":false,"networkConnectionEnabled":true,"locationContextEnabled":false,"warnings":{},"desired":{"platformName":"android","app":"E:\\java_workspace\\AppiumFrameworkU\\src\\General-Store.apk","automationName":"UiAutomator2","deviceName":"emulator-5554","newCommandTimeout":100},"platformName":"android","app":"E:\\java_workspace\\AppiumFrameworkU\\src\\General-Store.apk","automationName":"UiAutomator2","deviceName":"emulator-5554","newCommandTimeout":100,"deviceUDID":"emulator-5554","appPackage":"com.androidsample.generalstore","deviceApiLevel":28,"platformVersion":"9","deviceScreenSize":"1440x2960","deviceScreenDensity":560,"deviceModel":"AOSP on IA Emulator","deviceManufacturer":"Google","pixelRatio":3.5,"statBarHeight":172,"viewportRect":{"left":0,"top":172,"width":1440,"height":2449}}
&amp#27;[35m[HTTP]&amp#27;[39m &amp#27;[37m<-- GET /wd/hub/session/52652135-1846-41ec-8784-a604df5309f2 &amp#27;[39m&amp#27;[32m200&amp#27;[39m &amp#27;[90m14 ms - 915&amp#27;[39m
&amp#27;[35m[HTTP]&amp#27;[39m &amp#27;[90m&amp#27;[39m
&amp#27;[35m[HTTP]&amp#27;[39m &amp#27;[37m-->&amp#27;[39m &amp#27;[37mPOST&amp#27;[39m &amp#27;[37m/wd/hub/session/52652135-1846-41ec-8784-a604df5309f2/elements&amp#27;[39m
&amp#27;[35m[HTTP]&amp#27;[39m &amp#27;[90m{"using":"id","value":"com.androidsample.generalstore:id/productPrice"}&amp#27;[39m
[debug] &amp#27;[35m[W3C (52652135)]&amp#27;[39m Calling AppiumDriver.findElements() with args: ["id","com.androidsample.generalstore:id/productPrice","52652135-1846-41ec-8784-a604df5309f2"]
[debug] &amp#27;[35m[BaseDriver]&amp#27;[39m Valid locator strategies for this request: xpath, id, class name, accessibility id, -android uiautomator
[debug] &amp#27;[35m[BaseDriver]&amp#27;[39m Waiting up to 5000000 ms for condition
[debug] &amp#27;[35m[WD Proxy]&amp#27;[39m Matched '/elements' to command name 'findElements'
[debug] &amp#27;[35m[WD Proxy]&amp#27;[39m Proxying [POST /elements] to [POST http://localhost:8201/wd/hub/session/088c3369-69d2-4213-a4d1-2e44761399a0/elements] with body: {"strategy":"id","selector":"com.androidsample.generalstore:id/productPrice","context":"","multiple":true}
[debug] &amp#27;[35m[WD Proxy]&amp#27;[39m Got response with status 200: {"sessionId":"088c3369-69d2-4213-a4d1-2e44761399a0","status":0,"value":[{"ELEMENT":"3f95862a-72d5-42d2-aa94-4a22eeef15fe"},{"ELEMENT":"17b83196-7cfc-4b65-992b-174ec319a51f"}]}
[debug] &amp#27;[35m[W3C (52652135)]&amp#27;[39m Responding to client with driver.findElements() result: [{"element-6066-11e4-a52e-4f735466cecf":"3f95862a-72d5-42d2-aa94-4a22eeef15fe","ELEMENT":"3f95862a-72d5-42d2-aa94-4a22eeef15fe"},{"element-6066-11e4-a52e-4f735466cecf":"17b83196-7cfc-4b65-992b-174ec319a51f","ELEMENT":"17b83196-7cfc-4b65-992b-174ec319a51f"}]
&amp#27;[35m[HTTP]&amp#27;[39m &amp#27;[37m<-- POST /wd/hub/session/52652135-1846-41ec-8784-a604df5309f2/elements &amp#27;[39m&amp#27;[32m200&amp#27;[39m &amp#27;[90m41 ms - 267&amp#27;[39m
&amp#27;[35m[HTTP]&amp#27;[39m &amp#27;[90m&amp#27;[39m
&amp#27;[35m[HTTP]&amp#27;[39m &amp#27;[37m-->&amp#27;[39m &amp#27;[37mGET&amp#27;[39m &amp#27;[37m/wd/hub/session/52652135-1846-41ec-8784-a604df5309f2/element/17b83196-7cfc-4b65-992b-174ec319a51f/text&amp#27;[39m
&amp#27;[35m[HTTP]&amp#27;[39m &amp#27;[90m{}&amp#27;[39m
&amp#27;[35m[W3C (52652135)]&amp#27;[39m Driver proxy active, passing request on via HTTP proxy
[debug] &amp#27;[35m[WD Proxy]&amp#27;[39m Matched '/wd/hub/session/52652135-1846-41ec-8784-a604df5309f2/element/17b83196-7cfc-4b65-992b-174ec319a51f/text' to command name 'getText'
[debug] &amp#27;[35m[WD Proxy]&amp#27;[39m Proxying [GET /wd/hub/session/52652135-1846-41ec-8784-a604df5309f2/element/17b83196-7cfc-4b65-992b-174ec319a51f/text] to [GET http://localhost:8201/wd/hub/session/088c3369-69d2-4213-a4d1-2e44761399a0/element/17b83196-7cfc-4b65-992b-174ec319a51f/text] with body: {}
[debug] &amp#27;[35m[WD Proxy]&amp#27;[39m Got response with status 200: "{\"sessionId\":\"088c3369-69d2-4213-a4d1-2e44761399a0\",\"status\":0,\"value\":\"$120.0\"}"
&amp#27;[35m[WD Proxy]&amp#27;[39m Replacing sessionId 088c3369-69d2-4213-a4d1-2e44761399a0 with 52652135-1846-41ec-8784-a604df5309f2
&amp#27;[35m[HTTP]&amp#27;[39m &amp#27;[37m<-- GET /wd/hub/session/52652135-1846-41ec-8784-a604df5309f2/element/17b83196-7cfc-4b65-992b-174ec319a51f/text &amp#27;[39m&amp#27;[32m200&amp#27;[39m &amp#27;[90m28 ms - 80&amp#27;[39m
&amp#27;[35m[HTTP]&amp#27;[39m &amp#27;[90m&amp#27;[39m
&amp#27;[35m[HTTP]&amp#27;[39m &amp#27;[37m-->&amp#27;[39m &amp#27;[37mGET&amp#27;[39m &amp#27;[37m/wd/hub/session/52652135-1846-41ec-8784-a604df5309f2&amp#27;[39m
&amp#27;[35m[HTTP]&amp#27;[39m &amp#27;[90m{}&amp#27;[39m
[debug] &amp#27;[35m[W3C (52652135)]&amp#27;[39m Calling AppiumDriver.getSession() with args: ["52652135-1846-41ec-8784-a604df5309f2"]
[debug] &amp#27;[35m[UiAutomator2]&amp#27;[39m Getting session details from server to mix in
[debug] &amp#27;[35m[WD Proxy]&amp#27;[39m Matched '/' to command name 'getSession'
[debug] &amp#27;[35m[WD Proxy]&amp#27;[39m Proxying [GET /] to [GET http://localhost:8201/wd/hub/session/088c3369-69d2-4213-a4d1-2e44761399a0] with body: {}
[debug] &amp#27;[35m[WD Proxy]&amp#27;[39m Got response with status 200: "{\"sessionId\":\"088c3369-69d2-4213-a4d1-2e44761399a0\",\"status\":0,\"value\":{}}"
[debug] &amp#27;[35m[W3C (52652135)]&amp#27;[39m Responding to client with driver.getSession() result: {"platform":"LINUX","webStorageEnabled":false,"takesScreenshot":true,"javascriptEnabled":true,"databaseEnabled":false,"networkConnectionEnabled":true,"locationContextEnabled":false,"warnings":{},"desired":{"platformName":"android","app":"E:\\java_workspace\\AppiumFrameworkU\\src\\General-Store.apk","automationName":"UiAutomator2","deviceName":"emulator-5554","newCommandTimeout":100},"platformName":"android","app":"E:\\java_workspace\\AppiumFrameworkU\\src\\General-Store.apk","automationName":"UiAutomator2","deviceName":"emulator-5554","newCommandTimeout":100,"deviceUDID":"emulator-5554","appPackage":"com.androidsample.generalstore","deviceApiLevel":28,"platformVersion":"9","deviceScreenSize":"1440x2960","deviceScreenDensity":560,"deviceModel":"AOSP on IA Emulator","deviceManufacturer":"Google","pixelRatio":3.5,"statBarHeight":172,"viewportRect":{"left":0,"top":172,"width":1440,"height":2449}}
&amp#27;[35m[HTTP]&amp#27;[39m &amp#27;[37m<-- GET /wd/hub/session/52652135-1846-41ec-8784-a604df5309f2 &amp#27;[39m&amp#27;[32m200&amp#27;[39m &amp#27;[90m17 ms - 915&amp#27;[39m
&amp#27;[35m[HTTP]&amp#27;[39m &amp#27;[90m&amp#27;[39m
&amp#27;[35m[HTTP]&amp#27;[39m &amp#27;[37m-->&amp#27;[39m &amp#27;[37mPOST&amp#27;[39m &amp#27;[37m/wd/hub/session/52652135-1846-41ec-8784-a604df5309f2/element&amp#27;[39m
&amp#27;[35m[HTTP]&amp#27;[39m &amp#27;[90m{"using":"id","value":"com.androidsample.generalstore:id/totalAmountLbl"}&amp#27;[39m
[debug] &amp#27;[35m[W3C (52652135)]&amp#27;[39m Calling AppiumDriver.findElement() with args: ["id","com.androidsample.generalstore:id/totalAmountLbl","52652135-1846-41ec-8784-a604df5309f2"]
[debug] &amp#27;[35m[BaseDriver]&amp#27;[39m Valid locator strategies for this request: xpath, id, class name, accessibility id, -android uiautomator
[debug] &amp#27;[35m[BaseDriver]&amp#27;[39m Waiting up to 5000000 ms for condition
[debug] &amp#27;[35m[WD Proxy]&amp#27;[39m Matched '/element' to command name 'findElement'
[debug] &amp#27;[35m[WD Proxy]&amp#27;[39m Proxying [POST /element] to [POST http://localhost:8201/wd/hub/session/088c3369-69d2-4213-a4d1-2e44761399a0/element] with body: {"strategy":"id","selector":"com.androidsample.generalstore:id/totalAmountLbl","context":"","multiple":false}
[debug] &amp#27;[35m[WD Proxy]&amp#27;[39m Got response with status 200: {"sessionId":"088c3369-69d2-4213-a4d1-2e44761399a0","status":0,"value":{"ELEMENT":"53aa56a0-b459-4ca9-93a0-53f456969bc9"}}
[debug] &amp#27;[35m[W3C (52652135)]&amp#27;[39m Responding to client with driver.findElement() result: {"element-6066-11e4-a52e-4f735466cecf":"53aa56a0-b459-4ca9-93a0-53f456969bc9","ELEMENT":"53aa56a0-b459-4ca9-93a0-53f456969bc9"}
&amp#27;[35m[HTTP]&amp#27;[39m &amp#27;[37m<-- POST /wd/hub/session/52652135-1846-41ec-8784-a604df5309f2/element &amp#27;[39m&amp#27;[32m200&amp#27;[39m &amp#27;[90m39 ms - 137&amp#27;[39m
&amp#27;[35m[HTTP]&amp#27;[39m &amp#27;[90m&amp#27;[39m
&amp#27;[35m[HTTP]&amp#27;[39m &amp#27;[37m-->&amp#27;[39m &amp#27;[37mGET&amp#27;[39m &amp#27;[37m/wd/hub/session/52652135-1846-41ec-8784-a604df5309f2/element/53aa56a0-b459-4ca9-93a0-53f456969bc9/text&amp#27;[39m
&amp#27;[35m[HTTP]&amp#27;[39m &amp#27;[90m{}&amp#27;[39m
&amp#27;[35m[W3C (52652135)]&amp#27;[39m Driver proxy active, passing request on via HTTP proxy
[debug] &amp#27;[35m[WD Proxy]&amp#27;[39m Matched '/wd/hub/session/52652135-1846-41ec-8784-a604df5309f2/element/53aa56a0-b459-4ca9-93a0-53f456969bc9/text' to command name 'getText'
[debug] &amp#27;[35m[WD Proxy]&amp#27;[39m Proxying [GET /wd/hub/session/52652135-1846-41ec-8784-a604df5309f2/element/53aa56a0-b459-4ca9-93a0-53f456969bc9/text] to [GET http://localhost:8201/wd/hub/session/088c3369-69d2-4213-a4d1-2e44761399a0/element/53aa56a0-b459-4ca9-93a0-53f456969bc9/text] with body: {}
[debug] &amp#27;[35m[WD Proxy]&amp#27;[39m Got response with status 200: "{\"sessionId\":\"088c3369-69d2-4213-a4d1-2e44761399a0\",\"status\":0,\"value\":\"$ 280.97\"}"
&amp#27;[35m[WD Proxy]&amp#27;[39m Replacing sessionId 088c3369-69d2-4213-a4d1-2e44761399a0 with 52652135-1846-41ec-8784-a604df5309f2
&amp#27;[35m[HTTP]&amp#27;[39m &amp#27;[37m<-- GET /wd/hub/session/52652135-1846-41ec-8784-a604df5309f2/element/53aa56a0-b459-4ca9-93a0-53f456969bc9/text &amp#27;[39m&amp#27;[32m200&amp#27;[39m &amp#27;[90m22 ms - 82&amp#27;[39m
&amp#27;[35m[HTTP]&amp#27;[39m &amp#27;[90m&amp#27;[39m
&amp#27;[35m[HTTP]&amp#27;[39m &amp#27;[37m-->&amp#27;[39m &amp#27;[37mGET&amp#27;[39m &amp#27;[37m/wd/hub/session/52652135-1846-41ec-8784-a604df5309f2&amp#27;[39m
&amp#27;[35m[HTTP]&amp#27;[39m &amp#27;[90m{}&amp#27;[39m
[debug] &amp#27;[35m[W3C (52652135)]&amp#27;[39m Calling AppiumDriver.getSession() with args: ["52652135-1846-41ec-8784-a604df5309f2"]
[debug] &amp#27;[35m[UiAutomator2]&amp#27;[39m Getting session details from server to mix in
[debug] &amp#27;[35m[WD Proxy]&amp#27;[39m Matched '/' to command name 'getSession'
[debug] &amp#27;[35m[WD Proxy]&amp#27;[39m Proxying [GET /] to [GET http://localhost:8201/wd/hub/session/088c3369-69d2-4213-a4d1-2e44761399a0] with body: {}
[debug] &amp#27;[35m[WD Proxy]&amp#27;[39m Got response with status 200: "{\"sessionId\":\"088c3369-69d2-4213-a4d1-2e44761399a0\",\"status\":0,\"value\":{}}"
[debug] &amp#27;[35m[W3C (52652135)]&amp#27;[39m Responding to client with driver.getSession() result: {"platform":"LINUX","webStorageEnabled":false,"takesScreenshot":true,"javascriptEnabled":true,"databaseEnabled":false,"networkConnectionEnabled":true,"locationContextEnabled":false,"warnings":{},"desired":{"platformName":"android","app":"E:\\java_workspace\\AppiumFrameworkU\\src\\General-Store.apk","automationName":"UiAutomator2","deviceName":"emulator-5554","newCommandTimeout":100},"platformName":"android","app":"E:\\java_workspace\\AppiumFrameworkU\\src\\General-Store.apk","automationName":"UiAutomator2","deviceName":"emulator-5554","newCommandTimeout":100,"deviceUDID":"emulator-5554","appPackage":"com.androidsample.generalstore","deviceApiLevel":28,"platformVersion":"9","deviceScreenSize":"1440x2960","deviceScreenDensity":560,"deviceModel":"AOSP on IA Emulator","deviceManufacturer":"Google","pixelRatio":3.5,"statBarHeight":172,"viewportRect":{"left":0,"top":172,"width":1440,"height":2449}}
&amp#27;[35m[HTTP]&amp#27;[39m &amp#27;[37m<-- GET /wd/hub/session/52652135-1846-41ec-8784-a604df5309f2 &amp#27;[39m&amp#27;[32m200&amp#27;[39m &amp#27;[90m17 ms - 915&amp#27;[39m
&amp#27;[35m[HTTP]&amp#27;[39m &amp#27;[90m&amp#27;[39m
&amp#27;[35m[HTTP]&amp#27;[39m &amp#27;[37m-->&amp#27;[39m &amp#27;[37mPOST&amp#27;[39m &amp#27;[37m/wd/hub/session/52652135-1846-41ec-8784-a604df5309f2/element&amp#27;[39m
&amp#27;[35m[HTTP]&amp#27;[39m &amp#27;[90m{"using":"id","value":"com.androidsample.generalstore:id/btnProceed"}&amp#27;[39m
[debug] &amp#27;[35m[W3C (52652135)]&amp#27;[39m Calling AppiumDriver.findElement() with args: ["id","com.androidsample.generalstore:id/btnProceed","52652135-1846-41ec-8784-a604df5309f2"]
[debug] &amp#27;[35m[BaseDriver]&amp#27;[39m Valid locator strategies for this request: xpath, id, class name, accessibility id, -android uiautomator
[debug] &amp#27;[35m[BaseDriver]&amp#27;[39m Waiting up to 5000000 ms for condition
[debug] &amp#27;[35m[WD Proxy]&amp#27;[39m Matched '/element' to command name 'findElement'
[debug] &amp#27;[35m[WD Proxy]&amp#27;[39m Proxying [POST /element] to [POST http://localhost:8201/wd/hub/session/088c3369-69d2-4213-a4d1-2e44761399a0/element] with body: {"strategy":"id","selector":"com.androidsample.generalstore:id/btnProceed","context":"","multiple":false}
[debug] &amp#27;[35m[WD Proxy]&amp#27;[39m Got response with status 200: {"sessionId":"088c3369-69d2-4213-a4d1-2e44761399a0","status":0,"value":{"ELEMENT":"f6b7ae2d-37b8-43ec-b5dd-e93f877554cc"}}
[debug] &amp#27;[35m[W3C (52652135)]&amp#27;[39m Responding to client with driver.findElement() result: {"element-6066-11e4-a52e-4f735466cecf":"f6b7ae2d-37b8-43ec-b5dd-e93f877554cc","ELEMENT":"f6b7ae2d-37b8-43ec-b5dd-e93f877554cc"}
&amp#27;[35m[HTTP]&amp#27;[39m &amp#27;[37m<-- POST /wd/hub/session/52652135-1846-41ec-8784-a604df5309f2/element &amp#27;[39m&amp#27;[32m200&amp#27;[39m &amp#27;[90m85 ms - 137&amp#27;[39m
&amp#27;[35m[HTTP]&amp#27;[39m &amp#27;[90m&amp#27;[39m
&amp#27;[35m[HTTP]&amp#27;[39m &amp#27;[37m-->&amp#27;[39m &amp#27;[37mPOST&amp#27;[39m &amp#27;[37m/wd/hub/session/52652135-1846-41ec-8784-a604df5309f2/element/f6b7ae2d-37b8-43ec-b5dd-e93f877554cc/click&amp#27;[39m
&amp#27;[35m[HTTP]&amp#27;[39m &amp#27;[90m{"id":"f6b7ae2d-37b8-43ec-b5dd-e93f877554cc"}&amp#27;[39m
[debug] &amp#27;[35m[W3C (52652135)]&amp#27;[39m Calling AppiumDriver.click() with args: ["f6b7ae2d-37b8-43ec-b5dd-e93f877554cc","52652135-1846-41ec-8784-a604df5309f2"]
[debug] &amp#27;[35m[WD Proxy]&amp#27;[39m Matched '/element/f6b7ae2d-37b8-43ec-b5dd-e93f877554cc/click' to command name 'click'
[debug] &amp#27;[35m[WD Proxy]&amp#27;[39m Proxying [POST /element/f6b7ae2d-37b8-43ec-b5dd-e93f877554cc/click] to [POST http://localhost:8201/wd/hub/session/088c3369-69d2-4213-a4d1-2e44761399a0/element/f6b7ae2d-37b8-43ec-b5dd-e93f877554cc/click] with body: {"element":"f6b7ae2d-37b8-43ec-b5dd-e93f877554cc"}
[debug] &amp#27;[35m[WD Proxy]&amp#27;[39m Got response with status 200: {"sessionId":"088c3369-69d2-4213-a4d1-2e44761399a0","status":0,"value":true}
[debug] &amp#27;[35m[W3C (52652135)]&amp#27;[39m Responding to client with driver.click() result: true
&amp#27;[35m[HTTP]&amp#27;[39m &amp#27;[37m<-- POST /wd/hub/session/52652135-1846-41ec-8784-a604df5309f2/element/f6b7ae2d-37b8-43ec-b5dd-e93f877554cc/click &amp#27;[39m&amp#27;[32m200&amp#27;[39m &amp#27;[90m37 ms - 14&amp#27;[39m
&amp#27;[35m[HTTP]&amp#27;[39m &amp#27;[90m&amp#27;[39m
]]></system-out>
    <system-err><![CDATA[Jul 19, 2020 6:29:45 PM io.appium.java_client.remote.AppiumCommandExecutor$1 lambda$0
INFO: Detected dialect: W3C
]]></system-err>
  </testcase>
</testsuite>