<?xml version="1.0" encoding="UTF-8"?>
<testng-results skipped="0" failed="0" ignored="0" total="2" passed="2">
  <reporter-output>
  </reporter-output>
  <suite name="Suite" duration-ms="118508" started-at="2020-07-19T12:58:09Z" finished-at="2020-07-19T13:00:07Z">
    <groups>
    </groups>
    <test name="Test" duration-ms="118508" started-at="2020-07-19T12:58:09Z" finished-at="2020-07-19T13:00:07Z">
      <class name="practice.AppiumFramework.Ecommerce_TC4b2">
        <test-method status="PASS" signature="cleanProject()[pri:0, instance:practice.AppiumFramework.Ecommerce_TC4b2@146ba0ac]" name="cleanProject" is-config="true" duration-ms="10020" started-at="2020-07-19T12:58:09Z" finished-at="2020-07-19T12:58:19Z">
          <reporter-output>
          </reporter-output>
        </test-method> <!-- cleanProject -->
        <test-method status="PASS" signature="totalValidation(java.lang.String, java.lang.String, java.lang.String)[pri:0, instance:practice.AppiumFramework.Ecommerce_TC4b2@146ba0ac]" name="totalValidation" duration-ms="66572" started-at="2020-07-19T12:58:19Z" data-provider="InputData" finished-at="2020-07-19T12:59:25Z">
          <params>
            <param index="0">
              <value>
                <![CDATA[Ayesha]]>
              </value>
            </param>
            <param index="1">
              <value>
                <![CDATA[Female]]>
              </value>
            </param>
            <param index="2">
              <value>
                <![CDATA[India]]>
              </value>
            </param>
          </params>
          <reporter-output>
          </reporter-output>
        </test-method> <!-- totalValidation -->
        <test-method status="PASS" signature="totalValidation(java.lang.String, java.lang.String, java.lang.String)[pri:0, instance:practice.AppiumFramework.Ecommerce_TC4b2@146ba0ac]" name="totalValidation" duration-ms="41845" started-at="2020-07-19T12:59:25Z" data-provider="InputData" finished-at="2020-07-19T13:00:07Z">
          <params>
            <param index="0">
              <value>
                <![CDATA[Abu]]>
              </value>
            </param>
            <param index="1">
              <value>
                <![CDATA[Male]]>
              </value>
            </param>
            <param index="2">
              <value>
                <![CDATA[Bahrain]]>
              </value>
            </param>
          </params>
          <reporter-output>
          </reporter-output>
        </test-method> <!-- totalValidation -->
      </class> <!-- practice.AppiumFramework.Ecommerce_TC4b2 -->
    </test> <!-- Test -->
  </suite> <!-- Suite -->
</testng-results>
