<?xml version="1.0" encoding="UTF-8"?>
<testng-results skipped="0" failed="0" ignored="0" total="2" passed="2">
  <reporter-output>
  </reporter-output>
  <suite name="Suite" duration-ms="114172" started-at="2020-07-05T13:45:41Z" finished-at="2020-07-05T13:47:35Z">
    <groups>
    </groups>
    <test name="Test" duration-ms="114172" started-at="2020-07-05T13:45:41Z" finished-at="2020-07-05T13:47:35Z">
      <class name="practice.AppiumFramework.Ecommerce_TC4b2">
        <test-method status="PASS" signature="cleanProject()[pri:0, instance:practice.AppiumFramework.Ecommerce_TC4b2@5a8e6209]" name="cleanProject" is-config="true" duration-ms="10026" started-at="2020-07-05T13:45:41Z" finished-at="2020-07-05T13:45:51Z">
          <reporter-output>
          </reporter-output>
        </test-method> <!-- cleanProject -->
        <test-method status="PASS" signature="totalValidation(java.lang.String, java.lang.String, java.lang.String)[pri:0, instance:practice.AppiumFramework.Ecommerce_TC4b2@5a8e6209]" name="totalValidation" duration-ms="64730" started-at="2020-07-05T13:45:51Z" data-provider="InputData" finished-at="2020-07-05T13:46:56Z">
          <params>
            <param index="0">
              <value>
                <![CDATA[Ayesha]]>
              </value>
            </param>
            <param index="1">
              <value>
                <![CDATA[Female]]>
              </value>
            </param>
            <param index="2">
              <value>
                <![CDATA[India]]>
              </value>
            </param>
          </params>
          <reporter-output>
          </reporter-output>
        </test-method> <!-- totalValidation -->
        <test-method status="PASS" signature="totalValidation(java.lang.String, java.lang.String, java.lang.String)[pri:0, instance:practice.AppiumFramework.Ecommerce_TC4b2@5a8e6209]" name="totalValidation" duration-ms="39361" started-at="2020-07-05T13:46:56Z" data-provider="InputData" finished-at="2020-07-05T13:47:35Z">
          <params>
            <param index="0">
              <value>
                <![CDATA[Abu]]>
              </value>
            </param>
            <param index="1">
              <value>
                <![CDATA[Male]]>
              </value>
            </param>
            <param index="2">
              <value>
                <![CDATA[Bahrain]]>
              </value>
            </param>
          </params>
          <reporter-output>
          </reporter-output>
        </test-method> <!-- totalValidation -->
      </class> <!-- practice.AppiumFramework.Ecommerce_TC4b2 -->
    </test> <!-- Test -->
  </suite> <!-- Suite -->
</testng-results>
